[ +167 ms] executing: uname -m
[  +10 ms] Exit code 0 from: uname -m
[        ] x86_64
[  +22 ms] Artifact Instance of 'MaterialFonts' is not required, skipping update.
[        ] Artifact Instance of 'GradleWrapper' is not required, skipping update.
[        ] Artifact Instance of 'AndroidGenSnapshotArtifacts' is not required, skipping update.
[        ] Artifact Instance of 'AndroidInternalBuildArtifacts' is not required, skipping update.
[        ] Artifact Instance of 'IOSEngineArtifacts' is not required, skipping update.
[        ] Artifact Instance of 'FlutterWebSdk' is not required, skipping update.
[   +1 ms] Artifact Instance of 'LegacyCanvasKitRemover' is not required, skipping update.
[        ] Artifact Instance of 'FlutterSdk' is not required, skipping update.
[        ] Artifact Instance of 'WindowsEngineArtifacts' is not required, skipping update.
[        ] Artifact Instance of 'MacOSEngineArtifacts' is not required, skipping update.
[        ] Artifact Instance of 'LinuxEngineArtifacts' is not required, skipping update.
[        ] Artifact Instance of 'LinuxFuchsiaSDKArtifacts' is not required, skipping update.
[        ] Artifact Instance of 'MacOSFuchsiaSDKArtifacts' is not required, skipping update.
[        ] Artifact Instance of 'FlutterRunnerSDKArtifacts' is not required, skipping update.
[        ] Artifact Instance of 'FlutterRunnerDebugSymbols' is not required, skipping update.
[        ] Artifact Instance of 'IosUsbArtifacts' is not required, skipping update.
[        ] Artifact Instance of 'IosUsbArtifacts' is not required, skipping update.
[        ] Artifact Instance of 'IosUsbArtifacts' is not required, skipping update.
[        ] Artifact Instance of 'IosUsbArtifacts' is not required, skipping update.
[        ] Artifact Instance of 'IosUsbArtifacts' is not required, skipping update.
[        ] Artifact Instance of 'IosUsbArtifacts' is not required, skipping update.
[        ] Artifact Instance of 'FontSubsetArtifacts' is not required, skipping update.
[        ] Artifact Instance of 'PubDependencies' is not required, skipping update.
[  +26 ms] Artifact Instance of 'AndroidGenSnapshotArtifacts' is not required, skipping update.
[        ] Artifact Instance of 'AndroidInternalBuildArtifacts' is not required, skipping update.
[        ] Artifact Instance of 'IOSEngineArtifacts' is not required, skipping update.
[        ] Artifact Instance of 'FlutterWebSdk' is not required, skipping update.
[        ] Artifact Instance of 'FlutterEngineStamp' is not required, skipping update.
[        ] Artifact Instance of 'LegacyCanvasKitRemover' is not required, skipping update.
[   +4 ms] Artifact Instance of 'WindowsEngineArtifacts' is not required, skipping update.
[        ] Artifact Instance of 'MacOSEngineArtifacts' is not required, skipping update.
[        ] Artifact Instance of 'LinuxEngineArtifacts' is not required, skipping update.
[        ] Artifact Instance of 'LinuxFuchsiaSDKArtifacts' is not required, skipping update.
[        ] Artifact Instance of 'MacOSFuchsiaSDKArtifacts' is not required, skipping update.
[        ] Artifact Instance of 'FlutterRunnerSDKArtifacts' is not required, skipping update.
[        ] Artifact Instance of 'FlutterRunnerDebugSymbols' is not required, skipping update.
[ +106 ms] Artifact Instance of 'MaterialFonts' is not required, skipping update.
[        ] Artifact Instance of 'GradleWrapper' is not required, skipping update.
[  +10 ms] Artifact Instance of 'AndroidInternalBuildArtifacts' is not required, skipping update.
[        ] Artifact Instance of 'IOSEngineArtifacts' is not required, skipping update.
[        ] Artifact Instance of 'FlutterWebSdk' is not required, skipping update.
[        ] Artifact Instance of 'FlutterEngineStamp' is not required, skipping update.
[        ] Artifact Instance of 'LegacyCanvasKitRemover' is not required, skipping update.
[        ] Artifact Instance of 'FlutterSdk' is not required, skipping update.
[        ] Artifact Instance of 'WindowsEngineArtifacts' is not required, skipping update.
[        ] Artifact Instance of 'MacOSEngineArtifacts' is not required, skipping update.
[        ] Artifact Instance of 'LinuxEngineArtifacts' is not required, skipping update.
[        ] Artifact Instance of 'LinuxFuchsiaSDKArtifacts' is not required, skipping update.
[        ] Artifact Instance of 'MacOSFuchsiaSDKArtifacts' is not required, skipping update.
[        ] Artifact Instance of 'FlutterRunnerSDKArtifacts' is not required, skipping update.
[        ] Artifact Instance of 'FlutterRunnerDebugSymbols' is not required, skipping update.
[        ] Artifact Instance of 'IosUsbArtifacts' is not required, skipping update.
[        ] Artifact Instance of 'IosUsbArtifacts' is not required, skipping update.
[        ] Artifact Instance of 'IosUsbArtifacts' is not required, skipping update.
[        ] Artifact Instance of 'IosUsbArtifacts' is not required, skipping update.
[        ] Artifact Instance of 'IosUsbArtifacts' is not required, skipping update.
[        ] Artifact Instance of 'IosUsbArtifacts' is not required, skipping update.
[        ] Artifact Instance of 'FontSubsetArtifacts' is not required, skipping update.
[        ] Artifact Instance of 'PubDependencies' is not required, skipping update.
[ +162 ms] Skipping pub get: version match.
[ +336 ms] Found plugin vib3_flutter at /home/jules/.pub-cache/git/vib3codeSDKv3.0.0-0602b26d20cd612f231eb1d823614c82a3fd9c1b/flutter/
[ +320 ms] Found plugin vib3_flutter at /home/jules/.pub-cache/git/vib3codeSDKv3.0.0-0602b26d20cd612f231eb1d823614c82a3fd9c1b/flutter/
[  +60 ms] Skipping generating web_plugin_registrant.dart because it is up-to-date.
[ +157 ms] Found plugin vib3_flutter at /home/jules/.pub-cache/git/vib3codeSDKv3.0.0-0602b26d20cd612f231eb1d823614c82a3fd9c1b/flutter/
[  +30 ms] Generating /app/android/app/src/main/java/io/flutter/plugins/GeneratedPluginRegistrant.java
[  +17 ms] Skipping generating GeneratedPluginRegistrant.java because it is up-to-date.
[  +11 ms] Skipping generating generated_plugin_registrant.h because it is up-to-date.
[   +3 ms] Skipping generating generated_plugin_registrant.cc because it is up-to-date.
[   +4 ms] Skipping generating generated_plugins.cmake because it is up-to-date.
[   +5 ms] Skipping generating generated_plugin_registrant.h because it is up-to-date.
[   +3 ms] Skipping generating generated_plugin_registrant.cc because it is up-to-date.
[   +3 ms] Skipping generating generated_plugins.cmake because it is up-to-date.
[   +6 ms] Skipping generating GeneratedPluginRegistrant.h because it is up-to-date.
[   +4 ms] Skipping generating GeneratedPluginRegistrant.m because it is up-to-date.
[   +5 ms] Skipping generating GeneratedPluginRegistrant.swift because it is up-to-date.
[ +124 ms] Top-level Gradle build file not found, skipping migration of task "clean".
[   +2 ms] Android Studio version could not be detected, skipping Gradle-Java version compatibility check.
[ +296 ms] CMake project not found, skipping support Android 15 16k page size migration.
[  +14 ms] Using gradle from /app/android/gradlew.
[ +119 ms] LocalFile: '/app/android/build.gradle.kts' doesn't provide an AGP version. Checking settings.
[   +3 ms] LocalFile: '/app/android/settings.gradle.kts' provides AGP version: 8.11.1
[   +2 ms] Running Gradle task 'assembleRelease'...
[   +4 ms] executing: [/app/android/] /app/android/gradlew --full-stacktrace --info -Pverbose=true -Ptarget-platform=android-arm,android-arm64,android-x64 -Ptarget=lib/main.dart -Pbase-application-name=android.app.Application -Pdart-defines=RkxVVFRFUl9WRVJTSU9OPTMuMzguNw==,RkxVVFRFUl9DSEFOTkVMPXN0YWJsZQ==,RkxVVFRFUl9HSVRfVVJMPWh0dHBzOi8vZ2l0aHViLmNvbS9mbHV0dGVyL2ZsdXR0ZXIuZ2l0,RkxVVFRFUl9GUkFNRVdPUktfUkVWSVNJT049M2I2MmVmYzJhMw==,RkxVVFRFUl9FTkdJTkVfUkVWSVNJT049NzhmYzMwMTJlNA==,RkxVVFRFUl9EQVJUX1ZFUlNJT049My4xMC43 -Pdart-obfuscation=false -Ptrack-widget-creation=true -Ptree-shake-icons=true assembleRelease
[+1667 ms] Initialized native services in: /home/jules/.gradle/native
[        ] Initialized jansi services in: /home/jules/.gradle/native
[ +144 ms] Welcome to Gradle 8.14!
[        ] Here are the highlights of this release:
[        ]  - Java 24 support
[        ]  - GraalVM Native Image toolchain selection
[        ]  - Enhancements to test reporting
[        ]  - Build Authoring improvements
[        ] For more details see https://docs.gradle.org/8.14/release-notes.html
[ +797 ms] The client will now receive all logging from the daemon (pid: 13659). The daemon log file: /home/jules/.gradle/daemon/8.14/daemon-13659.out.log
[   +1 ms] Starting 4th build in daemon [uptime: 37 mins 54.976 secs, performance: 98%, GC rate: 0.00/s, heap usage: 0% of 8 GiB, non-heap usage: 5% of 4 GiB]
[  +98 ms] Using 4 worker leases.
[ +302 ms] Not watching /app/android since the file system is not supported
[   +1 ms] Watching the file system is configured to be enabled if available
[  +95 ms] File system watching is active
[   +1 ms] Starting Build
[ +298 ms] Not watching /opt/flutter/packages/flutter_tools/gradle since the file system is not supported
[+2118 ms] > Configure project :gradle
[        ] Evaluating project ':gradle' using build file '/opt/flutter/packages/flutter_tools/gradle/build.gradle.kts'.
[   +2 ms] Resolved plugin [id: 'org.gradle.java-gradle-plugin']
[        ] Resolved plugin [id: 'org.gradle.groovy']
[        ] Resolved plugin [id: 'org.gradle.kotlin.kotlin-dsl', version: '5.2.0']
[        ] Resolved plugin [id: 'org.jetbrains.kotlin.jvm', version: '1.9.20']
[        ] Using Kotlin Gradle Plugin gradle85 variant
[        ] kotlin scripting plugin: created the scripting discovery configuration: kotlinScriptDef
[        ] kotlin scripting plugin: created the scripting discovery configuration: testKotlinScriptDef
[        ] file or directory '/opt/flutter/packages/flutter_tools/gradle/src/main/java', not found
[  +79 ms] Resolved plugin [id: 'dev.flutter.flutter-plugin-loader', version: '1.0.0']
[        ] Resolved plugin [id: 'com.android.application', version: '8.11.1', apply: false]
[        ] Resolved plugin [id: 'org.jetbrains.kotlin.android', version: '2.2.20', apply: false]
[ +197 ms] Resolve mutations for :gradle:checkKotlinGradlePluginConfigurationErrors (Thread[#342,Execution worker,5,main]) started.
[   +1 ms] :gradle:checkKotlinGradlePluginConfigurationErrors (Thread[#342,Execution worker,5,main]) started.
[   +1 ms] > Task :gradle:checkKotlinGradlePluginConfigurationErrors SKIPPED
[        ] Skipping task ':gradle:checkKotlinGradlePluginConfigurationErrors' as task onlyIf 'errorDiagnostics are present' is false.
[        ] Resolve mutations for :gradle:compileKotlin (Thread[#342,Execution worker,5,main]) started.
[  +93 ms] :gradle:compileKotlin (Thread[#342,Execution worker,5,main]) started.
[ +401 ms] > Task :gradle:compileKotlin UP-TO-DATE
[        ] Caching disabled for task ':gradle:compileKotlin' because:
[        ]   Build cache is disabled
[        ] Skipping task ':gradle:compileKotlin' as it is up-to-date.
[        ] Resolve mutations for :gradle:compileJava (Thread[#342,Execution worker,5,main]) started.
[        ] :gradle:compileJava (Thread[#342,Execution worker,5,main]) started.
[        ] > Task :gradle:compileJava NO-SOURCE
[        ] Skipping task ':gradle:compileJava' as it has no source files and no previous output files.
[        ] Resolve mutations for :gradle:compileGroovy (Thread[#342,Execution worker,5,main]) started.
[        ] :gradle:compileGroovy (Thread[#342,Execution worker,5,main]) started.
[        ] > Task :gradle:compileGroovy NO-SOURCE
[        ] Skipping task ':gradle:compileGroovy' as it has no source files and no previous output files.
[        ] Resolve mutations for :gradle:pluginDescriptors (Thread[#342,Execution worker,5,main]) started.
[        ] :gradle:pluginDescriptors (Thread[#342,Execution worker,5,main]) started.
[        ] > Task :gradle:pluginDescriptors UP-TO-DATE
[        ] Caching disabled for task ':gradle:pluginDescriptors' because:
[        ]   Build cache is disabled
[        ]   Not worth caching
[        ] Skipping task ':gradle:pluginDescriptors' as it is up-to-date.
[        ] Resolve mutations for :gradle:processResources (Thread[#342,Execution worker,5,main]) started.
[        ] :gradle:processResources (Thread[#342,Execution worker,5,main]) started.
[        ] > Task :gradle:processResources UP-TO-DATE
[        ] Caching disabled for task ':gradle:processResources' because:
[        ]   Build cache is disabled
[        ]   Not worth caching
[        ] Skipping task ':gradle:processResources' as it is up-to-date.
[        ] Resolve mutations for :gradle:classes (Thread[#342,Execution worker,5,main]) started.
[        ] :gradle:classes (Thread[#342,Execution worker,5,main]) started.
[        ] > Task :gradle:classes UP-TO-DATE
[        ] Skipping task ':gradle:classes' as it has no actions.
[        ] Resolve mutations for :gradle:jar (Thread[#342,Execution worker,5,main]) started.
[        ] :gradle:jar (Thread[#342,Execution worker,5,main]) started.
[        ] > Task :gradle:jar UP-TO-DATE
[        ] Caching disabled for task ':gradle:jar' because:
[        ]   Build cache is disabled
[        ]   Not worth caching
[        ] Skipping task ':gradle:jar' as it is up-to-date.
[ +887 ms] Settings evaluated using settings file '/app/android/settings.gradle.kts'.
[ +101 ms] Projects loaded. Root project using build file '/app/android/build.gradle.kts'.
[        ] Included projects: [root project 'android', project ':app', project ':vib3_flutter']
[+1797 ms] > Configure project :app
[   +1 ms] Evaluating project ':app' using build file '/app/android/app/build.gradle.kts'.
[        ] Resolved plugin [id: 'com.android.application']
[        ] Resolved plugin [id: 'kotlin-android']
[        ] Resolved plugin [id: 'dev.flutter.flutter-gradle-plugin']
[   +8 ms] Using default execution profile
[        ] Build ac23a96e-71de-482a-9a95-e7b2ee0f56e6 is started
[        ] Using Kotlin Gradle Plugin gradle813 variant
[        ] C/C++: android.ndkVersion from module build.gradle is [28.2.13676358]
[        ] C/C++: android.ndkPath from module build.gradle is not set
[        ] C/C++: ndk.dir in local.properties is not set
[        ] C/C++: Not considering ANDROID_NDK_HOME because support was removed after deprecation period.
[        ] C/C++: sdkFolder is /opt/android-sdk
[        ] C/C++: android.ndkVersion from module build.gradle is [28.2.13676358]
[        ] C/C++: android.ndkPath from module build.gradle is not set
[        ] C/C++: ndk.dir in local.properties is not set
[        ] C/C++: Not considering ANDROID_NDK_HOME because support was removed after deprecation period.
[        ] C/C++: sdkFolder is /opt/android-sdk
[        ] C/C++: android.ndkVersion from module build.gradle is [28.2.13676358]
[        ] C/C++: android.ndkPath from module build.gradle is not set
[        ] C/C++: ndk.dir in local.properties is not set
[        ] C/C++: Not considering ANDROID_NDK_HOME because support was removed after deprecation period.
[        ] C/C++: sdkFolder is /opt/android-sdk
[   +2 ms] C/C++: android.ndkVersion from module build.gradle is [28.2.13676358]
[        ] C/C++: android.ndkPath from module build.gradle is not set
[        ] C/C++: ndk.dir in local.properties is not set
[        ] C/C++: Not considering ANDROID_NDK_HOME because support was removed after deprecation period.
[        ] C/C++: sdkFolder is /opt/android-sdk
[        ] C/C++: android.ndkVersion from module build.gradle is [28.2.13676358]
[        ] C/C++: android.ndkPath from module build.gradle is not set
[        ] C/C++: ndk.dir in local.properties is not set
[        ] C/C++: Not considering ANDROID_NDK_HOME because support was removed after deprecation period.
[        ] C/C++: sdkFolder is /opt/android-sdk
[        ] C/C++: android.ndkVersion from module build.gradle is [28.2.13676358]
[        ] C/C++: android.ndkPath from module build.gradle is not set
[        ] C/C++: ndk.dir in local.properties is not set
[        ] C/C++: Not considering ANDROID_NDK_HOME because support was removed after deprecation period.
[        ] C/C++: sdkFolder is /opt/android-sdk
[        ] C/C++: android.ndkVersion from module build.gradle is [28.2.13676358]
[        ] C/C++: android.ndkPath from module build.gradle is not set
[        ] C/C++: ndk.dir in local.properties is not set
[   +2 ms] C/C++: Not considering ANDROID_NDK_HOME because support was removed after deprecation period.
[        ] C/C++: sdkFolder is /opt/android-sdk
[        ] C/C++: android.ndkVersion from module build.gradle is [28.2.13676358]
[        ] C/C++: android.ndkPath from module build.gradle is not set
[        ] C/C++: ndk.dir in local.properties is not set
[        ] C/C++: Not considering ANDROID_NDK_HOME because support was removed after deprecation period.
[        ] C/C++: sdkFolder is /opt/android-sdk
[        ] C/C++: android.ndkVersion from module build.gradle is [28.2.13676358]
[        ] C/C++: android.ndkPath from module build.gradle is not set
[        ] C/C++: ndk.dir in local.properties is not set
[        ] C/C++: Not considering ANDROID_NDK_HOME because support was removed after deprecation period.
[        ] C/C++: sdkFolder is /opt/android-sdk
[        ] C/C++: android.ndkVersion from module build.gradle is [28.2.13676358]
[        ] C/C++: android.ndkPath from module build.gradle is not set
[        ] C/C++: ndk.dir in local.properties is not set
[        ] C/C++: Not considering ANDROID_NDK_HOME because support was removed after deprecation period.
[        ] C/C++: sdkFolder is /opt/android-sdk
[        ] C/C++: android.ndkVersion from module build.gradle is [28.2.13676358]
[        ] C/C++: android.ndkPath from module build.gradle is not set
[        ] C/C++: ndk.dir in local.properties is not set
[        ] C/C++: Not considering ANDROID_NDK_HOME because support was removed after deprecation period.
[        ] C/C++: sdkFolder is /opt/android-sdk
[        ] C/C++: android.ndkVersion from module build.gradle is [28.2.13676358]
[        ] C/C++: android.ndkPath from module build.gradle is not set
[        ] C/C++: ndk.dir in local.properties is not set
[        ] C/C++: Not considering ANDROID_NDK_HOME because support was removed after deprecation period.
[        ] C/C++: sdkFolder is /opt/android-sdk
[        ] C/C++: android.ndkVersion from module build.gradle is [28.2.13676358]
[        ] C/C++: android.ndkPath from module build.gradle is not set
[        ] C/C++: ndk.dir in local.properties is not set
[        ] C/C++: Not considering ANDROID_NDK_HOME because support was removed after deprecation period.
[        ] C/C++: sdkFolder is /opt/android-sdk
[        ] C/C++: android.ndkVersion from module build.gradle is [28.2.13676358]
[        ] C/C++: android.ndkPath from module build.gradle is not set
[        ] C/C++: ndk.dir in local.properties is not set
[        ] C/C++: Not considering ANDROID_NDK_HOME because support was removed after deprecation period.
[        ] C/C++: sdkFolder is /opt/android-sdk
[        ] C/C++: android.ndkVersion from module build.gradle is [28.2.13676358]
[        ] C/C++: android.ndkPath from module build.gradle is not set
[        ] C/C++: ndk.dir in local.properties is not set
[        ] C/C++: Not considering ANDROID_NDK_HOME because support was removed after deprecation period.
[        ] C/C++: sdkFolder is /opt/android-sdk
[        ] C/C++: android.ndkVersion from module build.gradle is [28.2.13676358]
[        ] C/C++: android.ndkPath from module build.gradle is not set
[        ] C/C++: ndk.dir in local.properties is not set
[   +4 ms] C/C++: Not considering ANDROID_NDK_HOME because support was removed after deprecation period.
[        ] C/C++: sdkFolder is /opt/android-sdk
[        ] C/C++: android.ndkVersion from module build.gradle is [28.2.13676358]
[        ] C/C++: android.ndkPath from module build.gradle is not set
[        ] C/C++: ndk.dir in local.properties is not set
[        ] C/C++: Not considering ANDROID_NDK_HOME because support was removed after deprecation period.
[        ] C/C++: sdkFolder is /opt/android-sdk
[        ] C/C++: android.ndkVersion from module build.gradle is [28.2.13676358]
[        ] C/C++: android.ndkPath from module build.gradle is not set
[        ] C/C++: ndk.dir in local.properties is not set
[        ] C/C++: Not considering ANDROID_NDK_HOME because support was removed after deprecation period.
[        ] C/C++: sdkFolder is /opt/android-sdk
[        ] C/C++: android.ndkVersion from module build.gradle is [28.2.13676358]
[        ] C/C++: android.ndkPath from module build.gradle is not set
[        ] C/C++: ndk.dir in local.properties is not set
[        ] C/C++: Not considering ANDROID_NDK_HOME because support was removed after deprecation period.
[        ] C/C++: sdkFolder is /opt/android-sdk
[        ] > Configure project :
[        ] Evaluating root project 'android' using build file '/app/android/build.gradle.kts'.
[+1264 ms] > Configure project :vib3_flutter
[        ] Evaluating project ':vib3_flutter' using build file '/home/jules/.pub-cache/git/vib3codeSDKv3.0.0-0602b26d20cd612f231eb1d823614c82a3fd9c1b/flutter/android/build.gradle'.
[        ] Using default execution profile
[        ] Using Kotlin Gradle Plugin gradle813 variant
[        ] C/C++: android.ndkVersion from module build.gradle is [27.0.12077973]
[        ] C/C++: android.ndkPath from module build.gradle is not set
[        ] C/C++: ndk.dir in local.properties is not set
[        ] C/C++: Not considering ANDROID_NDK_HOME because support was removed after deprecation period.
[        ] C/C++: sdkFolder is /opt/android-sdk
[        ] C/C++: android.ndkVersion from module build.gradle is [27.0.12077973]
[        ] C/C++: android.ndkPath from module build.gradle is not set
[        ] C/C++: ndk.dir in local.properties is not set
[        ] C/C++: Not considering ANDROID_NDK_HOME because support was removed after deprecation period.
[        ] C/C++: sdkFolder is /opt/android-sdk
[        ] C/C++: android.ndkVersion from module build.gradle is [27.0.12077973]
[        ] C/C++: android.ndkPath from module build.gradle is not set
[        ] C/C++: ndk.dir in local.properties is not set
[        ] C/C++: Not considering ANDROID_NDK_HOME because support was removed after deprecation period.
[        ] C/C++: sdkFolder is /opt/android-sdk
[        ] C/C++: android.ndkVersion from module build.gradle is [27.0.12077973]
[        ] C/C++: android.ndkPath from module build.gradle is not set
[        ] C/C++: ndk.dir in local.properties is not set
[        ] C/C++: Not considering ANDROID_NDK_HOME because support was removed after deprecation period.
[        ] C/C++: sdkFolder is /opt/android-sdk
[        ] C/C++: android.ndkVersion from module build.gradle is [27.0.12077973]
[        ] C/C++: android.ndkPath from module build.gradle is not set
[        ] C/C++: ndk.dir in local.properties is not set
[        ] C/C++: Not considering ANDROID_NDK_HOME because support was removed after deprecation period.
[        ] C/C++: sdkFolder is /opt/android-sdk
[        ] C/C++: android.ndkVersion from module build.gradle is [27.0.12077973]
[   +2 ms] C/C++: android.ndkPath from module build.gradle is not set
[   +1 ms] C/C++: ndk.dir in local.properties is not set
[        ] C/C++: Not considering ANDROID_NDK_HOME because support was removed after deprecation period.
[        ] C/C++: sdkFolder is /opt/android-sdk
[        ] C/C++: android.ndkVersion from module build.gradle is [27.0.12077973]
[        ] C/C++: android.ndkPath from module build.gradle is not set
[        ] C/C++: ndk.dir in local.properties is not set
[        ] C/C++: Not considering ANDROID_NDK_HOME because support was removed after deprecation period.
[        ] C/C++: sdkFolder is /opt/android-sdk
[        ] C/C++: android.ndkVersion from module build.gradle is [27.0.12077973]
[        ] C/C++: android.ndkPath from module build.gradle is not set
[        ] C/C++: ndk.dir in local.properties is not set
[        ] C/C++: Not considering ANDROID_NDK_HOME because support was removed after deprecation period.
[        ] C/C++: sdkFolder is /opt/android-sdk
[        ] C/C++: android.ndkVersion from module build.gradle is [27.0.12077973]
[        ] C/C++: android.ndkPath from module build.gradle is not set
[        ] C/C++: ndk.dir in local.properties is not set
[        ] C/C++: Not considering ANDROID_NDK_HOME because support was removed after deprecation period.
[        ] C/C++: sdkFolder is /opt/android-sdk
[        ] C/C++: android.ndkVersion from module build.gradle is [27.0.12077973]
[        ] C/C++: android.ndkPath from module build.gradle is not set
[        ] C/C++: ndk.dir in local.properties is not set
[        ] C/C++: Not considering ANDROID_NDK_HOME because support was removed after deprecation period.
[        ] C/C++: sdkFolder is /opt/android-sdk
[        ] C/C++: android.ndkVersion from module build.gradle is [27.0.12077973]
[        ] C/C++: android.ndkPath from module build.gradle is not set
[        ] C/C++: ndk.dir in local.properties is not set
[        ] C/C++: Not considering ANDROID_NDK_HOME because support was removed after deprecation period.
[        ] C/C++: sdkFolder is /opt/android-sdk
[        ] C/C++: android.ndkVersion from module build.gradle is [27.0.12077973]
[        ] C/C++: android.ndkPath from module build.gradle is not set
[        ] C/C++: ndk.dir in local.properties is not set
[        ] C/C++: Not considering ANDROID_NDK_HOME because support was removed after deprecation period.
[        ] C/C++: sdkFolder is /opt/android-sdk
[        ] C/C++: android.ndkVersion from module build.gradle is [27.0.12077973]
[        ] C/C++: android.ndkPath from module build.gradle is not set
[        ] C/C++: ndk.dir in local.properties is not set
[        ] C/C++: Not considering ANDROID_NDK_HOME because support was removed after deprecation period.
[        ] C/C++: sdkFolder is /opt/android-sdk
[        ] C/C++: android.ndkVersion from module build.gradle is [27.0.12077973]
[        ] C/C++: android.ndkPath from module build.gradle is not set
[        ] C/C++: ndk.dir in local.properties is not set
[        ] C/C++: Not considering ANDROID_NDK_HOME because support was removed after deprecation period.
[        ] C/C++: sdkFolder is /opt/android-sdk
[        ] C/C++: android.ndkVersion from module build.gradle is [27.0.12077973]
[        ] C/C++: android.ndkPath from module build.gradle is not set
[        ] C/C++: ndk.dir in local.properties is not set
[        ] C/C++: Not considering ANDROID_NDK_HOME because support was removed after deprecation period.
[        ] C/C++: sdkFolder is /opt/android-sdk
[        ] C/C++: android.ndkVersion from module build.gradle is [27.0.12077973]
[        ] C/C++: android.ndkPath from module build.gradle is not set
[        ] C/C++: ndk.dir in local.properties is not set
[        ] C/C++: Not considering ANDROID_NDK_HOME because support was removed after deprecation period.
[        ] C/C++: sdkFolder is /opt/android-sdk
[        ] C/C++: android.ndkVersion from module build.gradle is [27.0.12077973]
[        ] C/C++: android.ndkPath from module build.gradle is not set
[        ] C/C++: ndk.dir in local.properties is not set
[        ] C/C++: Not considering ANDROID_NDK_HOME because support was removed after deprecation period.
[        ] C/C++: sdkFolder is /opt/android-sdk
[        ] C/C++: android.ndkVersion from module build.gradle is [27.0.12077973]
[        ] C/C++: android.ndkPath from module build.gradle is not set
[        ] C/C++: ndk.dir in local.properties is not set
[        ] C/C++: Not considering ANDROID_NDK_HOME because support was removed after deprecation period.
[        ] C/C++: sdkFolder is /opt/android-sdk
[        ] C/C++: android.ndkVersion from module build.gradle is [27.0.12077973]
[        ] C/C++: android.ndkPath from module build.gradle is not set
[        ] C/C++: ndk.dir in local.properties is not set
[        ] C/C++: Not considering ANDROID_NDK_HOME because support was removed after deprecation period.
[        ] C/C++: sdkFolder is /opt/android-sdk
[        ] All projects evaluated.
[        ] Task name matched 'assembleRelease'
[        ] Selected primary task 'assembleRelease' from project :
[ +875 ms] Tasks to be executed: [task ':app:ReleaseMinSdkCheck', task ':app:compileFlutterBuildRelease', task ':app:packJniLibsflutterBuildRelease', task ':app:preBuild', task ':app:preReleaseBuild', task ':app:configureCMakeRelease[arm64-v8a]', task ':app:buildCMakeRelease[arm64-v8a]', task ':app:configureCMakeRelease[armeabi-v7a]', task ':app:buildCMakeRelease[armeabi-v7a]', task ':app:configureCMakeRelease[x86_64]', task ':app:buildCMakeRelease[x86_64]', task ':app:mergeReleaseJniLibFolders', task ':vib3_flutter:preBuild', task ':vib3_flutter:preReleaseBuild', task ':vib3_flutter:configureCMakeRelWithDebInfo[arm64-v8a]', task ':vib3_flutter:buildCMakeRelWithDebInfo[arm64-v8a]', task ':vib3_flutter:configureCMakeRelWithDebInfo[armeabi-v7a]', task ':vib3_flutter:buildCMakeRelWithDebInfo[armeabi-v7a]', task ':vib3_flutter:configureCMakeRelWithDebInfo[x86]', task ':vib3_flutter:buildCMakeRelWithDebInfo[x86]', task ':vib3_flutter:configureCMakeRelWithDebInfo[x86_64]', task ':vib3_flutter:buildCMakeRelWithDebInfo[x86_64]', task ':vib3_flutter:mergeReleaseJniLibFolders', task ':vib3_flutter:mergeReleaseNativeLibs', task ':vib3_flutter:copyReleaseJniLibsProjectOnly', task ':app:mergeReleaseNativeLibs', task ':app:stripReleaseDebugSymbols', task ':app:extractReleaseNativeSymbolTables', task ':app:mergeReleaseNativeDebugMetadata', task ':vib3_flutter:checkKotlinGradlePluginConfigurationErrors', task ':vib3_flutter:generateReleaseResValues', task ':vib3_flutter:generateReleaseResources', task ':vib3_flutter:packageReleaseResources', task ':vib3_flutter:parseReleaseLocalResources', task ':vib3_flutter:generateReleaseRFile', task ':vib3_flutter:compileReleaseKotlin', task ':vib3_flutter:javaPreCompileRelease', task ':vib3_flutter:compileReleaseJavaWithJavac', task ':vib3_flutter:mergeReleaseGeneratedProguardFiles', task ':vib3_flutter:exportReleaseConsumerProguardFiles', task ':app:buildKotlinToolingMetadata', task ':app:checkReleaseDuplicateClasses', task ':app:checkKotlinGradlePluginConfigurationErrors', task ':vib3_flutter:writeReleaseAarMetadata', task ':app:checkReleaseAarMetadata', task ':app:cleanMergeReleaseAssets', task ':app:mergeReleaseShaders', task ':app:compileReleaseShaders', task ':app:generateReleaseAssets', task ':vib3_flutter:mergeReleaseShaders', task ':vib3_flutter:compileReleaseShaders', task ':vib3_flutter:generateReleaseAssets', task ':vib3_flutter:mergeReleaseAssets', task ':app:mergeReleaseAssets', task ':app:copyFlutterAssetsRelease', task ':app:generateReleaseResValues', task ':app:mapReleaseSourceSetPaths', task ':app:generateReleaseResources', task ':app:mergeReleaseResources', task ':app:packageReleaseResources', task ':app:parseReleaseLocalResources', task ':app:createReleaseCompatibleScreenManifests', task ':app:extractDeepLinksRelease', task ':vib3_flutter:extractDeepLinksRelease', task ':vib3_flutter:processReleaseManifest', task ':app:processReleaseMainManifest', task ':app:outputReleaseAppLinkSettings', task ':app:processReleaseManifest', task ':app:processReleaseManifestForPackage', task ':app:processReleaseResources', task ':vib3_flutter:bundleLibCompileToJarRelease', task ':app:compileReleaseKotlin', task ':app:javaPreCompileRelease', task ':app:compileReleaseJavaWithJavac', task ':vib3_flutter:prepareReleaseArtProfile', task ':app:mergeReleaseArtProfile', task ':vib3_flutter:bundleLibRuntimeToJarRelease', task ':app:expandReleaseArtProfileWildcards', task ':app:extractProguardFiles', task ':app:mergeReleaseGeneratedProguardFiles', task ':app:processReleaseJavaRes', task ':vib3_flutter:processReleaseJavaRes', task ':app:mergeReleaseJavaResource', task ':app:mergeReleaseStartupProfile', task ':app:minifyReleaseWithR8', task ':app:compileReleaseArtProfile', task ':app:compressReleaseAssets', task ':app:extractReleaseVersionControlInfo', task ':vib3_flutter:createFullJarRelease', task ':vib3_flutter:extractProguardFiles', task ':vib3_flutter:generateReleaseLintModel', task ':vib3_flutter:prepareLintJarForPublish', task ':app:generateReleaseLintVitalReportModel', task ':vib3_flutter:stripReleaseDebugSymbols', task ':vib3_flutter:copyReleaseJniLibsProjectAndLocalJars', task ':vib3_flutter:extractDeepLinksForAarRelease', task ':vib3_flutter:extractReleaseAnnotations', task ':vib3_flutter:mergeReleaseConsumerProguardFiles', task ':vib3_flutter:mergeReleaseJavaResource', task ':vib3_flutter:syncReleaseLibJars', task ':vib3_flutter:bundleReleaseLocalLintAar', task ':vib3_flutter:lintVitalAnalyzeRelease', task ':vib3_flutter:writeReleaseLintModelMetadata', task ':app:lintVitalAnalyzeRelease', task ':vib3_flutter:generateReleaseLintVitalModel', task ':app:lintVitalReportRelease', task ':app:lintVitalRelease', task ':app:convertShrunkResourcesToBinaryRelease', task ':app:optimizeReleaseResources', task ':app:collectReleaseDependencies', task ':app:sdkReleaseDependencyData', task ':app:validateSigningRelease', task ':app:writeReleaseAppMetadata', task ':app:writeReleaseSigningConfigVersions', task ':app:packageRelease', task ':app:createReleaseApkListingFileRedirect', task ':app:assembleRelease', task ':vib3_flutter:bundleReleaseAar', task ':vib3_flutter:mapReleaseSourceSetPaths', task ':vib3_flutter:mergeReleaseResources', task ':vib3_flutter:verifyReleaseResources', task ':vib3_flutter:assembleRelease']
[        ] Tasks that were excluded: []
[        ] work action Parameters of FilterShrinkerRulesTransform (Thread[#341,included builds,5,main]) started.
[        ] work action Parameters of ExtractAarTransform (Thread[#341,included builds,5,main]) started.
[        ] Resolve mutations for :app:ReleaseMinSdkCheck (Thread[#341,included builds,5,main]) started.
[   +1 ms] :app:ReleaseMinSdkCheck (Thread[#341,included builds,5,main]) started.
[   +1 ms] > Task :app:ReleaseMinSdkCheck
[        ] Caching disabled for task ':app:ReleaseMinSdkCheck' because:
[        ]   Build cache is disabled
[        ] Task ':app:ReleaseMinSdkCheck' is not up-to-date because:
[        ]   Task has not declared any outputs despite executing actions.
[        ] Resolve mutations for :app:compileFlutterBuildRelease (Thread[#341,included builds,5,main]) started.
[  +90 ms] :app:compileFlutterBuildRelease (Thread[#342,Execution worker,5,main]) started.
[+2033 ms] > Task :app:compileFlutterBuildRelease
[   +1 ms] Caching disabled for task ':app:compileFlutterBuildRelease' because:
[        ]   Build cache is disabled
[  +36 ms]   Caching has not been enabled for the task
[        ] Task ':app:compileFlutterBuildRelease' is not up-to-date because:
[        ]   Value of input property 'verbose' has changed for task ':app:compileFlutterBuildRelease'
[        ] Starting process 'command '/opt/flutter/bin/flutter''. Working directory: /app Command: /opt/flutter/bin/flutter --verbose assemble --no-version-check --depfile /app/build/app/intermediates/flutter/release/flutter_build.d --output /app/build/app/intermediates/flutter/release -dTargetFile=lib/main.dart -dTargetPlatform=android -dBuildMode=release -dTrackWidgetCreation=true -dTreeShakeIcons=true --DartDefines=RkxVVFRFUl9WRVJTSU9OPTMuMzguNw==,RkxVVFRFUl9DSEFOTkVMPXN0YWJsZQ==,RkxVVFRFUl9HSVRfVVJMPWh0dHBzOi8vZ2l0aHViLmNvbS9mbHV0dGVyL2ZsdXR0ZXIuZ2l0,RkxVVFRFUl9GUkFNRVdPUktfUkVWSVNJT049M2I2MmVmYzJhMw==,RkxVVFRFUl9FTkdJTkVfUkVWSVNJT049NzhmYzMwMTJlNA==,RkxVVFRFUl9EQVJUX1ZFUlNJT049My4xMC43 -dFlavor= -dAndroidArchs=android-arm android-arm64 android-x64 -dMinSdkVersion=24 android_aot_bundle_release_android-arm android_aot_bundle_release_android-arm64 android_aot_bundle_release_android-x64
[   +1 ms] Successfully started process 'command '/opt/flutter/bin/flutter''
[        ] [ +143 ms] executing: uname -m
[        ] [   +9 ms] Exit code 0 from: uname -m
[   +1 ms] [        ] x86_64
[        ] [  +18 ms] Artifact Instance of 'MaterialFonts' is not required, skipping update.
[        ] [        ] Artifact Instance of 'GradleWrapper' is not required, skipping update.
[        ] [        ] Artifact Instance of 'AndroidGenSnapshotArtifacts' is not required, skipping update.
[        ] [        ] Artifact Instance of 'AndroidInternalBuildArtifacts' is not required, skipping update.
[        ] [        ] Artifact Instance of 'IOSEngineArtifacts' is not required, skipping update.
[        ] [        ] Artifact Instance of 'FlutterWebSdk' is not required, skipping update.
[        ] [   +1 ms] Artifact Instance of 'LegacyCanvasKitRemover' is not required, skipping update.
[        ] [        ] Artifact Instance of 'FlutterSdk' is not required, skipping update.
[        ] [        ] Artifact Instance of 'WindowsEngineArtifacts' is not required, skipping update.
[        ] [        ] Artifact Instance of 'MacOSEngineArtifacts' is not required, skipping update.
[        ] [        ] Artifact Instance of 'LinuxEngineArtifacts' is not required, skipping update.
[        ] [        ] Artifact Instance of 'LinuxFuchsiaSDKArtifacts' is not required, skipping update.
[        ] [        ] Artifact Instance of 'MacOSFuchsiaSDKArtifacts' is not required, skipping update.
[        ] [        ] Artifact Instance of 'FlutterRunnerSDKArtifacts' is not required, skipping update.
[        ] [        ] Artifact Instance of 'FlutterRunnerDebugSymbols' is not required, skipping update.
[        ] [        ] Artifact Instance of 'IosUsbArtifacts' is not required, skipping update.
[        ] [        ] Artifact Instance of 'IosUsbArtifacts' is not required, skipping update.
[        ] [        ] Artifact Instance of 'IosUsbArtifacts' is not required, skipping update.
[        ] [        ] Artifact Instance of 'IosUsbArtifacts' is not required, skipping update.
[        ] [        ] Artifact Instance of 'IosUsbArtifacts' is not required, skipping update.
[        ] [        ] Artifact Instance of 'IosUsbArtifacts' is not required, skipping update.
[        ] [        ] Artifact Instance of 'FontSubsetArtifacts' is not required, skipping update.
[        ] [        ] Artifact Instance of 'PubDependencies' is not required, skipping update.
[        ] [  +16 ms] Artifact Instance of 'AndroidGenSnapshotArtifacts' is not required, skipping update.
[        ] [        ] Artifact Instance of 'AndroidInternalBuildArtifacts' is not required, skipping update.
[        ] [        ] Artifact Instance of 'IOSEngineArtifacts' is not required, skipping update.
[        ] [        ] Artifact Instance of 'FlutterWebSdk' is not required, skipping update.
[        ] [        ] Artifact Instance of 'FlutterEngineStamp' is not required, skipping update.
[        ] [        ] Artifact Instance of 'LegacyCanvasKitRemover' is not required, skipping update.
[        ] [   +2 ms] Artifact Instance of 'WindowsEngineArtifacts' is not required, skipping update.
[        ] [        ] Artifact Instance of 'MacOSEngineArtifacts' is not required, skipping update.
[        ] [        ] Artifact Instance of 'LinuxEngineArtifacts' is not required, skipping update.
[        ] [        ] Artifact Instance of 'LinuxFuchsiaSDKArtifacts' is not required, skipping update.
[        ] [        ] Artifact Instance of 'MacOSFuchsiaSDKArtifacts' is not required, skipping update.
[        ] [        ] Artifact Instance of 'FlutterRunnerSDKArtifacts' is not required, skipping update.
[        ] [        ] Artifact Instance of 'FlutterRunnerDebugSymbols' is not required, skipping update.
[        ] [  +91 ms] Artifact Instance of 'MaterialFonts' is not required, skipping update.
[        ] [        ] Artifact Instance of 'GradleWrapper' is not required, skipping update.
[        ] [   +1 ms] Artifact Instance of 'AndroidInternalBuildArtifacts' is not required, skipping update.
[        ] [        ] Artifact Instance of 'IOSEngineArtifacts' is not required, skipping update.
[  +31 ms] [        ] Artifact Instance of 'FlutterWebSdk' is not required, skipping update.
[        ] [        ] Artifact Instance of 'FlutterEngineStamp' is not required, skipping update.
[        ] [        ] Artifact Instance of 'LegacyCanvasKitRemover' is not required, skipping update.
[        ] [        ] Artifact Instance of 'FlutterSdk' is not required, skipping update.
[   +1 ms] [        ] Artifact Instance of 'WindowsEngineArtifacts' is not required, skipping update.
[        ] [        ] Artifact Instance of 'MacOSEngineArtifacts' is not required, skipping update.
[        ] [        ] Artifact Instance of 'LinuxEngineArtifacts' is not required, skipping update.
[        ] [        ] Artifact Instance of 'LinuxFuchsiaSDKArtifacts' is not required, skipping update.
[        ] [        ] Artifact Instance of 'MacOSFuchsiaSDKArtifacts' is not required, skipping update.
[        ] [        ] Artifact Instance of 'FlutterRunnerSDKArtifacts' is not required, skipping update.
[        ] [        ] Artifact Instance of 'FlutterRunnerDebugSymbols' is not required, skipping update.
[        ] [        ] Artifact Instance of 'IosUsbArtifacts' is not required, skipping update.
[        ] [        ] Artifact Instance of 'IosUsbArtifacts' is not required, skipping update.
[        ] [        ] Artifact Instance of 'IosUsbArtifacts' is not required, skipping update.
[        ] [        ] Artifact Instance of 'IosUsbArtifacts' is not required, skipping update.
[        ] [        ] Artifact Instance of 'IosUsbArtifacts' is not required, skipping update.
[        ] [        ] Artifact Instance of 'IosUsbArtifacts' is not required, skipping update.
[        ] [        ] Artifact Instance of 'FontSubsetArtifacts' is not required, skipping update.
[        ] [        ] Artifact Instance of 'PubDependencies' is not required, skipping update.
[        ] [  +28 ms] Initializing file store
[        ] [  +24 ms] Done initializing file store
[ +371 ms] [ +539 ms] Skipping target: gen_dart_plugin_registrant
[        ] [  +12 ms] Skipping target: dart_build
[        ] [        ] Skipping target: gen_localizations
[        ] [   +5 ms] Skipping target: install_code_assets
[ +999 ms] [ +958 ms] kernel_snapshot_program: Starting due to {InvalidatedReasonKind.inputChanged: The following inputs have updated contents: /home/jules/.pub-cache/git/vib3codeSDKv3.0.0-0602b26d20cd612f231eb1d823614c82a3fd9c1b/flutter/lib/vib3_flutter.dart,/home/jules/.pub-cache/git/vib3codeSDKv3.0.0-0602b26d20cd612f231eb1d823614c82a3fd9c1b/flutter/lib/src/vib3_engine.dart,/home/jules/.pub-cache/git/vib3codeSDKv3.0.0-0602b26d20cd612f231eb1d823614c82a3fd9c1b/flutter/lib/src/ffi/vib3_ffi.dart,/home/jules/.pub-cache/git/vib3codeSDKv3.0.0-0602b26d20cd612f231eb1d823614c82a3fd9c1b/flutter/lib/src/widgets/vib3_view.dart,/home/jules/.pub-cache/git/vib3codeSDKv3.0.0-0602b26d20cd612f231eb1d823614c82a3fd9c1b/flutter/lib/src/widgets/vib3_controls.dart,/home/jules/.pub-cache/hosted/pub.dev/ffi-2.1.5/lib/ffi.dart,/home/jules/.pub-cache/hosted/pub.dev/ffi-2.1.5/lib/src/allocation.dart,/home/jules/.pub-cache/hosted/pub.dev/ffi-2.1.5/lib/src/arena.dart,/home/jules/.pub-cache/hosted/pub.dev/ffi-2.1.5/lib/src/utf16.dart,/home/jules/.pub-cache/hosted/pub.dev/ffi-2.1.5/lib/src/utf8.dart}
[        ] [  +17 ms] /opt/flutter/bin/cache/dart-sdk/bin/dartaotruntime /opt/flutter/bin/cache/dart-sdk/bin/snapshots/frontend_server_aot.dart.snapshot --sdk-root /opt/flutter/bin/cache/artifacts/engine/common/flutter_patched_sdk_product/ --target=flutter --no-print-incremental-dependencies -DFLUTTER_VERSION=3.38.7 -DFLUTTER_CHANNEL=stable -DFLUTTER_GIT_URL=https://github.com/flutter/flutter.git -DFLUTTER_FRAMEWORK_REVISION=3b62efc2a3 -DFLUTTER_ENGINE_REVISION=78fc3012e4 -DFLUTTER_DART_VERSION=3.10.7 -DFLUTTER_APP_FLAVOR= -Ddart.vm.profile=false -Ddart.vm.product=true --delete-tostring-package-uri=dart:ui --delete-tostring-package-uri=package:flutter --aot --tfa --target-os android --packages /app/.dart_tool/package_config.json --output-dill /app/.dart_tool/flutter_build/d0952733368475b77af92b73803fb6f2/app.dill --depfile /app/.dart_tool/flutter_build/d0952733368475b77af92b73803fb6f2/kernel_snapshot_program.d --verbosity=error package:icosatabolne/main.dart
[+17398 ms] [+17458 ms] kernel_snapshot_program: Complete
[ +500 ms] [ +484 ms] Skipping target: android_aot_release_android-arm
[ +100 ms] [  +33 ms] Skipping target: aot_android_asset_bundle
[        ] [  +56 ms] Skipping target: android_aot_release_android-arm64
[ +100 ms] [  +70 ms] Skipping target: android_aot_release_android-x64
[        ] [  +56 ms] Skipping target: android_aot_bundle_release_android-arm
[  +98 ms] [  +59 ms] Skipping target: android_aot_bundle_release_android-arm64
[ +103 ms] [  +52 ms] Skipping target: android_aot_bundle_release_android-x64
[   +1 ms] [        ] Skipping target: _composite
[        ] [        ] Persisting file store
[        ] [  +12 ms] Done persisting file store
[        ] [  +14 ms] build succeeded.
[        ] [  +10 ms] "flutter assemble" took 20,011ms.
[        ] [  +10 ms] Running 1 shutdown hook
[        ] [        ] Shutdown hooks complete
[        ] [   +1 ms] exiting with code 0
[        ] Resolve mutations for :app:packJniLibsflutterBuildRelease (Thread[#342,Execution worker,5,main]) started.
[        ] :app:packJniLibsflutterBuildRelease (Thread[#342,Execution worker,5,main]) started.
[  +90 ms] > Task :app:packJniLibsflutterBuildRelease UP-TO-DATE
[   +1 ms] Caching disabled for task ':app:packJniLibsflutterBuildRelease' because:
[        ]   Build cache is disabled
[        ]   Not worth caching
[        ] Skipping task ':app:packJniLibsflutterBuildRelease' as it is up-to-date.
[        ] Resolve mutations for :app:preBuild (Thread[#342,Execution worker,5,main]) started.
[   +1 ms] :app:preBuild (Thread[#342,Execution worker,5,main]) started.
[        ] > Task :app:preBuild UP-TO-DATE
[        ] Skipping task ':app:preBuild' as it has no actions.
[   +1 ms] Resolve mutations for :app:preReleaseBuild (Thread[#342,Execution worker,5,main]) started.
[        ] :app:preReleaseBuild (Thread[#342,Execution worker,5,main]) started.
[        ] > Task :app:preReleaseBuild UP-TO-DATE
[        ] Skipping task ':app:preReleaseBuild' as it has no actions.
[        ] Resolve mutations for :app:configureCMakeRelease[arm64-v8a] (Thread[#342,Execution worker,5,main]) started.
[        ] :app:configureCMakeRelease[arm64-v8a] (Thread[#342,Execution worker,5,main]) started.
[ +194 ms] > Task :app:configureCMakeRelease[arm64-v8a]
[        ] Caching disabled for task ':app:configureCMakeRelease[arm64-v8a]' because:
[        ]   Build cache is disabled
[        ]   Caching has been disabled for the task
[        ] Task ':app:configureCMakeRelease[arm64-v8a]' is not up-to-date because:
[        ]   Task.upToDateWhen is false.
[        ] C/C++: /opt/flutter/packages/flutter_tools/gradle/src/main/scripts/CMakeLists.txt release|arm64-v8a : Start JSON generation. Platform version: 24 min SDK version: arm64-v8a
[        ] C/C++: /opt/flutter/packages/flutter_tools/gradle/src/main/scripts/CMakeLists.txt release|arm64-v8a : JSON '/app/build/.cxx/release/w2x366j5/arm64-v8a/android_gradle_build.json' was up-to-date
[        ] C/C++: /opt/flutter/packages/flutter_tools/gradle/src/main/scripts/CMakeLists.txt release|arm64-v8a : JSON generation completed without problems
[        ] C/C++: /opt/flutter/packages/flutter_tools/gradle/src/main/scripts/CMakeLists.txt release|arm64-v8a : Writing build model to /app/build/app/intermediates/cxx/release/w2x366j5/logs/arm64-v8a/build_model.json
[        ] Resolve mutations for :app:buildCMakeRelease[arm64-v8a] (Thread[#342,Execution worker,5,main]) started.
[        ] :app:buildCMakeRelease[arm64-v8a] (Thread[#342,Execution worker,5,main]) started.
[        ] > Task :app:buildCMakeRelease[arm64-v8a]
[        ] Caching disabled for task ':app:buildCMakeRelease[arm64-v8a]' because:
[        ]   Build cache is disabled
[        ]   Caching has been disabled for the task
[        ] Task ':app:buildCMakeRelease[arm64-v8a]' is not up-to-date because:
[        ]   Task.upToDateWhen is false.
[        ] C/C++: starting build
[        ] C/C++: reading expected JSONs
[        ] C/C++: done reading expected JSONs
[        ] C/C++: executing build commands for targets that produce .so files or executables
[   +2 ms] C/C++: evaluate miniconfig
[        ] C/C++: no libraries
[        ] Resolve mutations for :app:configureCMakeRelease[armeabi-v7a] (Thread[#342,Execution worker,5,main]) started.
[        ] :app:configureCMakeRelease[armeabi-v7a] (Thread[#342,Execution worker,5,main]) started.
[  +94 ms] > Task :app:configureCMakeRelease[armeabi-v7a]
[        ] Caching disabled for task ':app:configureCMakeRelease[armeabi-v7a]' because:
[        ]   Build cache is disabled
[        ]   Caching has been disabled for the task
[        ] Task ':app:configureCMakeRelease[armeabi-v7a]' is not up-to-date because:
[        ]   Task.upToDateWhen is false.
[        ] C/C++: /opt/flutter/packages/flutter_tools/gradle/src/main/scripts/CMakeLists.txt release|armeabi-v7a : Start JSON generation. Platform version: 24 min SDK version: armeabi-v7a
[   +4 ms] C/C++: /opt/flutter/packages/flutter_tools/gradle/src/main/scripts/CMakeLists.txt release|armeabi-v7a : JSON '/app/build/.cxx/release/w2x366j5/armeabi-v7a/android_gradle_build.json' was up-to-date
[        ] C/C++: /opt/flutter/packages/flutter_tools/gradle/src/main/scripts/CMakeLists.txt release|armeabi-v7a : JSON generation completed without problems
[        ] C/C++: /opt/flutter/packages/flutter_tools/gradle/src/main/scripts/CMakeLists.txt release|armeabi-v7a : Writing build model to /app/build/app/intermediates/cxx/release/w2x366j5/logs/armeabi-v7a/build_model.json
[        ] Resolve mutations for :app:buildCMakeRelease[armeabi-v7a] (Thread[#342,Execution worker,5,main]) started.
[        ] :app:buildCMakeRelease[armeabi-v7a] (Thread[#342,Execution worker,5,main]) started.
[        ] > Task :app:buildCMakeRelease[armeabi-v7a]
[        ] Caching disabled for task ':app:buildCMakeRelease[armeabi-v7a]' because:
[        ]   Build cache is disabled
[        ]   Caching has been disabled for the task
[        ] Task ':app:buildCMakeRelease[armeabi-v7a]' is not up-to-date because:
[        ]   Task.upToDateWhen is false.
[        ] C/C++: starting build
[        ] C/C++: reading expected JSONs
[        ] C/C++: done reading expected JSONs
[        ] C/C++: executing build commands for targets that produce .so files or executables
[        ] C/C++: evaluate miniconfig
[        ] C/C++: no libraries
[   +6 ms] Resolve mutations for :app:configureCMakeRelease[x86_64] (Thread[#342,Execution worker,5,main]) started.
[        ] :app:configureCMakeRelease[x86_64] (Thread[#342,Execution worker,5,main]) started.
[        ] > Task :app:configureCMakeRelease[x86_64]
[        ] Caching disabled for task ':app:configureCMakeRelease[x86_64]' because:
[        ]   Build cache is disabled
[        ]   Caching has been disabled for the task
[        ] Task ':app:configureCMakeRelease[x86_64]' is not up-to-date because:
[        ]   Task.upToDateWhen is false.
[        ] C/C++: /opt/flutter/packages/flutter_tools/gradle/src/main/scripts/CMakeLists.txt release|x86_64 : Start JSON generation. Platform version: 24 min SDK version: x86_64
[        ] C/C++: /opt/flutter/packages/flutter_tools/gradle/src/main/scripts/CMakeLists.txt release|x86_64 : JSON '/app/build/.cxx/release/w2x366j5/x86_64/android_gradle_build.json' was up-to-date
[   +6 ms] C/C++: /opt/flutter/packages/flutter_tools/gradle/src/main/scripts/CMakeLists.txt release|x86_64 : JSON generation completed without problems
[        ] C/C++: /opt/flutter/packages/flutter_tools/gradle/src/main/scripts/CMakeLists.txt release|x86_64 : Writing build model to /app/build/app/intermediates/cxx/release/w2x366j5/logs/x86_64/build_model.json
[        ] Resolve mutations for :app:buildCMakeRelease[x86_64] (Thread[#342,Execution worker,5,main]) started.
[        ] :app:buildCMakeRelease[x86_64] (Thread[#342,Execution worker,5,main]) started.
[        ] > Task :app:buildCMakeRelease[x86_64]
[        ] Caching disabled for task ':app:buildCMakeRelease[x86_64]' because:
[        ]   Build cache is disabled
[        ]   Caching has been disabled for the task
[        ] Task ':app:buildCMakeRelease[x86_64]' is not up-to-date because:
[        ]   Task.upToDateWhen is false.
[        ] C/C++: starting build
[        ] C/C++: reading expected JSONs
[        ] C/C++: done reading expected JSONs
[        ] C/C++: executing build commands for targets that produce .so files or executables
[        ] C/C++: evaluate miniconfig
[        ] C/C++: no libraries
[        ] Resolve mutations for :app:mergeReleaseJniLibFolders (Thread[#342,Execution worker,5,main]) started.
[        ] :app:mergeReleaseJniLibFolders (Thread[#342,Execution worker,5,main]) started.
[        ] > Task :app:mergeReleaseJniLibFolders UP-TO-DATE
[        ] Caching disabled for task ':app:mergeReleaseJniLibFolders' because:
[        ]   Build cache is disabled
[        ]   Simple merging task
[        ] Skipping task ':app:mergeReleaseJniLibFolders' as it is up-to-date.
[        ] Resolve mutations for :vib3_flutter:preBuild (Thread[#342,Execution worker,5,main]) started.
[        ] :vib3_flutter:preBuild (Thread[#342,Execution worker,5,main]) started.
[        ] > Task :vib3_flutter:preBuild UP-TO-DATE
[        ] Skipping task ':vib3_flutter:preBuild' as it has no actions.
[        ] Resolve mutations for :vib3_flutter:preReleaseBuild (Thread[#342,Execution worker,5,main]) started.
[        ] :vib3_flutter:preReleaseBuild (Thread[#342,Execution worker,5,main]) started.
[        ] > Task :vib3_flutter:preReleaseBuild UP-TO-DATE
[        ] Skipping task ':vib3_flutter:preReleaseBuild' as it has no actions.
[        ] Resolve mutations for :vib3_flutter:configureCMakeRelWithDebInfo[arm64-v8a] (Thread[#342,Execution worker,5,main]) started.
[        ] :vib3_flutter:configureCMakeRelWithDebInfo[arm64-v8a] (Thread[#342,Execution worker,5,main]) started.
[+1961 ms] > Task :vib3_flutter:configureCMakeRelWithDebInfo[arm64-v8a]
[        ] Caching disabled for task ':vib3_flutter:configureCMakeRelWithDebInfo[arm64-v8a]' because:
[        ]   Build cache is disabled
[        ]   Caching has been disabled for the task
[        ] Task ':vib3_flutter:configureCMakeRelWithDebInfo[arm64-v8a]' is not up-to-date because:
[        ]   Task.upToDateWhen is false.
[        ] C/C++: /home/jules/.pub-cache/git/vib3codeSDKv3.0.0-0602b26d20cd612f231eb1d823614c82a3fd9c1b/cpp/CMakeLists.txt release|arm64-v8a : Start JSON generation. Platform version: 21 min SDK version: arm64-v8a
[        ] C/C++: /home/jules/.pub-cache/git/vib3codeSDKv3.0.0-0602b26d20cd612f231eb1d823614c82a3fd9c1b/cpp/CMakeLists.txt release|arm64-v8a : rebuilding JSON /home/jules/.pub-cache/git/vib3codeSDKv3.0.0-0602b26d20cd612f231eb1d823614c82a3fd9c1b/flutter/android/.cxx/RelWithDebInfo/o1148241/arm64-v8a/android_gradle_build.json due to:
[        ] C/C++: /home/jules/.pub-cache/git/vib3codeSDKv3.0.0-0602b26d20cd612f231eb1d823614c82a3fd9c1b/cpp/CMakeLists.txt release|arm64-v8a : - no fingerprint file, will remove stale configuration folder
[        ] C/C++: /home/jules/.pub-cache/git/vib3codeSDKv3.0.0-0602b26d20cd612f231eb1d823614c82a3fd9c1b/cpp/CMakeLists.txt release|arm64-v8a : removing stale contents from '/home/jules/.pub-cache/git/vib3codeSDKv3.0.0-0602b26d20cd612f231eb1d823614c82a3fd9c1b/flutter/android/.cxx/RelWithDebInfo/o1148241/arm64-v8a'
[        ] C/C++: /home/jules/.pub-cache/git/vib3codeSDKv3.0.0-0602b26d20cd612f231eb1d823614c82a3fd9c1b/cpp/CMakeLists.txt release|arm64-v8a : created folder '/home/jules/.pub-cache/git/vib3codeSDKv3.0.0-0602b26d20cd612f231eb1d823614c82a3fd9c1b/flutter/android/.cxx/RelWithDebInfo/o1148241/arm64-v8a'
[        ] C/C++: /home/jules/.pub-cache/git/vib3codeSDKv3.0.0-0602b26d20cd612f231eb1d823614c82a3fd9c1b/cpp/CMakeLists.txt release|arm64-v8a : executing cmake /opt/android-sdk/cmake/3.22.1/bin/cmake \
[        ]   -H/home/jules/.pub-cache/git/vib3codeSDKv3.0.0-0602b26d20cd612f231eb1d823614c82a3fd9c1b/cpp \
[        ]   -DCMAKE_SYSTEM_NAME=Android \
[        ]   -DCMAKE_EXPORT_COMPILE_COMMANDS=ON \
[        ]   -DCMAKE_SYSTEM_VERSION=21 \
[        ]   -DANDROID_PLATFORM=android-21 \
[        ]   -DANDROID_ABI=arm64-v8a \
[        ]   -DCMAKE_ANDROID_ARCH_ABI=arm64-v8a \
[        ]   -DANDROID_NDK=/opt/android-sdk/ndk/27.0.12077973 \
[        ]   -DCMAKE_ANDROID_NDK=/opt/android-sdk/ndk/27.0.12077973 \
[        ]   -DCMAKE_TOOLCHAIN_FILE=/opt/android-sdk/ndk/27.0.12077973/build/cmake/android.toolchain.cmake \
[        ]   -DCMAKE_MAKE_PROGRAM=/opt/android-sdk/cmake/3.22.1/bin/ninja \
[        ]   "-DCMAKE_CXX_FLAGS=-std=c++20 -O3" \
[        ]   -DCMAKE_LIBRARY_OUTPUT_DIRECTORY=/app/build/vib3_flutter/intermediates/cxx/RelWithDebInfo/o1148241/obj/arm64-v8a \
[        ]   -DCMAKE_RUNTIME_OUTPUT_DIRECTORY=/app/build/vib3_flutter/intermediates/cxx/RelWithDebInfo/o1148241/obj/arm64-v8a \
[        ]   -DCMAKE_BUILD_TYPE=RelWithDebInfo \
[        ]   -B/home/jules/.pub-cache/git/vib3codeSDKv3.0.0-0602b26d20cd612f231eb1d823614c82a3fd9c1b/flutter/android/.cxx/RelWithDebInfo/o1148241/arm64-v8a \
[        ]   -GNinja \
[        ]   -DANDROID_STL=c++_shared
[        ] C/C++: /home/jules/.pub-cache/git/vib3codeSDKv3.0.0-0602b26d20cd612f231eb1d823614c82a3fd9c1b/cpp/CMakeLists.txt release|arm64-v8a : /opt/android-sdk/cmake/3.22.1/bin/cmake \
[        ]   -H/home/jules/.pub-cache/git/vib3codeSDKv3.0.0-0602b26d20cd612f231eb1d823614c82a3fd9c1b/cpp \
[        ]   -DCMAKE_SYSTEM_NAME=Android \
[        ]   -DCMAKE_EXPORT_COMPILE_COMMANDS=ON \
[        ]   -DCMAKE_SYSTEM_VERSION=21 \
[        ]   -DANDROID_PLATFORM=android-21 \
[        ]   -DANDROID_ABI=arm64-v8a \
[        ]   -DCMAKE_ANDROID_ARCH_ABI=arm64-v8a \
[        ]   -DANDROID_NDK=/opt/android-sdk/ndk/27.0.12077973 \
[        ]   -DCMAKE_ANDROID_NDK=/opt/android-sdk/ndk/27.0.12077973 \
[        ]   -DCMAKE_TOOLCHAIN_FILE=/opt/android-sdk/ndk/27.0.12077973/build/cmake/android.toolchain.cmake \
[        ]   -DCMAKE_MAKE_PROGRAM=/opt/android-sdk/cmake/3.22.1/bin/ninja \
[        ]   "-DCMAKE_CXX_FLAGS=-std=c++20 -O3" \
[        ]   -DCMAKE_LIBRARY_OUTPUT_DIRECTORY=/app/build/vib3_flutter/intermediates/cxx/RelWithDebInfo/o1148241/obj/arm64-v8a \
[        ]   -DCMAKE_RUNTIME_OUTPUT_DIRECTORY=/app/build/vib3_flutter/intermediates/cxx/RelWithDebInfo/o1148241/obj/arm64-v8a \
[        ]   -DCMAKE_BUILD_TYPE=RelWithDebInfo \
[        ]   -B/home/jules/.pub-cache/git/vib3codeSDKv3.0.0-0602b26d20cd612f231eb1d823614c82a3fd9c1b/flutter/android/.cxx/RelWithDebInfo/o1148241/arm64-v8a \
[        ]   -GNinja \
[        ]   -DANDROID_STL=c++_shared
[        ] Starting process 'command '/opt/android-sdk/cmake/3.22.1/bin/cmake''. Working directory: /home/jules/.pub-cache/git/vib3codeSDKv3.0.0-0602b26d20cd612f231eb1d823614c82a3fd9c1b/flutter/android Command: /opt/android-sdk/cmake/3.22.1/bin/cmake -H/home/jules/.pub-cache/git/vib3codeSDKv3.0.0-0602b26d20cd612f231eb1d823614c82a3fd9c1b/cpp -DCMAKE_SYSTEM_NAME=Android -DCMAKE_EXPORT_COMPILE_COMMANDS=ON -DCMAKE_SYSTEM_VERSION=21 -DANDROID_PLATFORM=android-21 -DANDROID_ABI=arm64-v8a -DCMAKE_ANDROID_ARCH_ABI=arm64-v8a -DANDROID_NDK=/opt/android-sdk/ndk/27.0.12077973 -DCMAKE_ANDROID_NDK=/opt/android-sdk/ndk/27.0.12077973 -DCMAKE_TOOLCHAIN_FILE=/opt/android-sdk/ndk/27.0.12077973/build/cmake/android.toolchain.cmake -DCMAKE_MAKE_PROGRAM=/opt/android-sdk/cmake/3.22.1/bin/ninja -DCMAKE_CXX_FLAGS=-std=c++20 -O3 -DCMAKE_LIBRARY_OUTPUT_DIRECTORY=/app/build/vib3_flutter/intermediates/cxx/RelWithDebInfo/o1148241/obj/arm64-v8a -DCMAKE_RUNTIME_OUTPUT_DIRECTORY=/app/build/vib3_flutter/intermediates/cxx/RelWithDebInfo/o1148241/obj/arm64-v8a -DCMAKE_BUILD_TYPE=RelWithDebInfo -B/home/jules/.pub-cache/git/vib3codeSDKv3.0.0-0602b26d20cd612f231eb1d823614c82a3fd9c1b/flutter/android/.cxx/RelWithDebInfo/o1148241/arm64-v8a -GNinja -DANDROID_STL=c++_shared
[        ] Successfully started process 'command '/opt/android-sdk/cmake/3.22.1/bin/cmake''
[+6087 ms] C/C++: CMake Error at CMakeLists.txt:66 (add_library):
[        ] C/C++:   Cannot find source file:
[        ] C/C++:     geometry/GeometryGenerator.cpp
[        ] C/C++: CMake Error at CMakeLists.txt:186 (add_executable):
[        ] C/C++:   Cannot find source file:
[        ] C/C++:     tests/Vec4_test.cpp
[        ] C/C++: CMake Error at CMakeLists.txt:199 (add_executable):
[        ] C/C++:   Cannot find source file:
[        ] C/C++:     tests/Geometry_test.cpp
[        ] C/C++: CMake Error at CMakeLists.txt:66 (add_library):
[        ] C/C++:   No SOURCES given to target: vib3_geometry
[        ] C/C++: CMake Error at CMakeLists.txt:186 (add_executable):
[        ] C/C++:   No SOURCES given to target: math_tests
[        ] C/C++: CMake Error at CMakeLists.txt:199 (add_executable):
[        ] C/C++:   No SOURCES given to target: geometry_tests
[        ] C/C++: CMake Generate step failed.  Build files cannot be regenerated correctly.
[        ] C/C++: /home/jules/.pub-cache/git/vib3codeSDKv3.0.0-0602b26d20cd612f231eb1d823614c82a3fd9c1b/cpp/CMakeLists.txt release|arm64-v8a : Received process result: 1
[   +1 ms] C/C++: /home/jules/.pub-cache/git/vib3codeSDKv3.0.0-0602b26d20cd612f231eb1d823614c82a3fd9c1b/cpp/CMakeLists.txt release|arm64-v8a : JSON generation completed with problem. Exception: com.android.ide.common.process.ProcessException: -- The CXX compiler identification is Clang 18.0.1
[   +1 ms] -- Detecting CXX compiler ABI info
[        ] -- Detecting CXX compiler ABI info - done
[   +1 ms] -- Check for working CXX compiler: /opt/android-sdk/ndk/27.0.12077973/toolchains/llvm/prebuilt/linux-x86_64/bin/clang++ - skipped
[        ] -- Detecting CXX compile features
[        ] -- Detecting CXX compile features - done
[        ] -- Performing Test COMPILER_SUPPORTS_AVX2
[        ] -- Performing Test COMPILER_SUPPORTS_AVX2 - Failed
[        ] -- Performing Test COMPILER_SUPPORTS_SSE41
[        ] -- Performing Test COMPILER_SUPPORTS_SSE41 - Failed
[        ] -- The C compiler identification is Clang 18.0.1
[        ] -- Detecting C compiler ABI info
[        ] -- Detecting C compiler ABI info - done
[   +1 ms] -- Check for working C compiler: /opt/android-sdk/ndk/27.0.12077973/toolchains/llvm/prebuilt/linux-x86_64/bin/clang - skipped
[        ] -- Detecting C compile features
[        ] -- Detecting C compile features - done
[        ] -- Found Python3: /home/jules/.pyenv/shims/python3 (found version "3.12.12") found components: Interpreter
[        ] -- Looking for pthread.h
[   +1 ms] -- Looking for pthread.h - found
[        ] -- Performing Test CMAKE_HAVE_LIBC_PTHREAD
[        ] -- Performing Test CMAKE_HAVE_LIBC_PTHREAD - Failed
[        ] -- Looking for pthread_create in pthreads
[        ] -- Looking for pthread_create in pthreads - not found
[        ] -- Looking for pthread_create in pthread
[        ] -- Looking for pthread_create in pthread - not found
[        ] -- Check if compiler accepts -pthread
[        ] -- Check if compiler accepts -pthread - yes
[        ] -- Found Threads: TRUE
[        ] --
[        ] -- VIB3 Core Configuration:
[        ] --   Version:       1.0.0
[        ] --   C++ Standard:  20
[        ] --   Build WASM:    ON
[        ] --   Build Tests:   ON
[        ] --   Enable SIMD:   ON
[        ] --   Enable Threads:OFF
[        ] --   Build Type:    RelWithDebInfo
[        ] --
[        ] -- Configuring done
[        ] C++ build system [configure] failed while executing:
[        ]     /opt/android-sdk/cmake/3.22.1/bin/cmake \
[        ]       -H/home/jules/.pub-cache/git/vib3codeSDKv3.0.0-0602b26d20cd612f231eb1d823614c82a3fd9c1b/cpp \
[        ]       -DCMAKE_SYSTEM_NAME=Android \
[        ]       -DCMAKE_EXPORT_COMPILE_COMMANDS=ON \
[        ]       -DCMAKE_SYSTEM_VERSION=21 \
[        ]       -DANDROID_PLATFORM=android-21 \
[        ]       -DANDROID_ABI=arm64-v8a \
[        ]       -DCMAKE_ANDROID_ARCH_ABI=arm64-v8a \
[        ]       -DANDROID_NDK=/opt/android-sdk/ndk/27.0.12077973 \
[        ]       -DCMAKE_ANDROID_NDK=/opt/android-sdk/ndk/27.0.12077973 \
[        ]       -DCMAKE_TOOLCHAIN_FILE=/opt/android-sdk/ndk/27.0.12077973/build/cmake/android.toolchain.cmake \
[        ]       -DCMAKE_MAKE_PROGRAM=/opt/android-sdk/cmake/3.22.1/bin/ninja \
[        ]       "-DCMAKE_CXX_FLAGS=-std=c++20 -O3" \
[        ]       -DCMAKE_LIBRARY_OUTPUT_DIRECTORY=/app/build/vib3_flutter/intermediates/cxx/RelWithDebInfo/o1148241/obj/arm64-v8a \
[        ]       -DCMAKE_RUNTIME_OUTPUT_DIRECTORY=/app/build/vib3_flutter/intermediates/cxx/RelWithDebInfo/o1148241/obj/arm64-v8a \
[        ]       -DCMAKE_BUILD_TYPE=RelWithDebInfo \
[        ]       -B/home/jules/.pub-cache/git/vib3codeSDKv3.0.0-0602b26d20cd612f231eb1d823614c82a3fd9c1b/flutter/android/.cxx/RelWithDebInfo/o1148241/arm64-v8a \
[        ]       -GNinja \
[        ]       -DANDROID_STL=c++_shared
[        ]   from /home/jules/.pub-cache/git/vib3codeSDKv3.0.0-0602b26d20cd612f231eb1d823614c82a3fd9c1b/flutter/android
[        ] CMake Error at CMakeLists.txt:66 (add_library):
[   +2 ms]   Cannot find source file:
[        ]     geometry/GeometryGenerator.cpp
[        ] CMake Error at CMakeLists.txt:186 (add_executable):
[        ]   Cannot find source file:
[        ]     tests/Vec4_test.cpp
[        ] CMake Error at CMakeLists.txt:199 (add_executable):
[        ]   Cannot find source file:
[        ]     tests/Geometry_test.cpp
[        ] CMake Error at CMakeLists.txt:66 (add_library):
[        ]   No SOURCES given to target: vib3_geometry
[        ] CMake Error at CMakeLists.txt:186 (add_executable):
[        ]   No SOURCES given to target: math_tests
[        ] CMake Error at CMakeLists.txt:199 (add_executable):
[        ]   No SOURCES given to target: geometry_tests
[        ] CMake Generate step failed.  Build files cannot be regenerated correctly.
[        ] C/C++: /home/jules/.pub-cache/git/vib3codeSDKv3.0.0-0602b26d20cd612f231eb1d823614c82a3fd9c1b/cpp/CMakeLists.txt release|arm64-v8a : Writing build model to /app/build/vib3_flutter/intermediates/cxx/RelWithDebInfo/o1148241/logs/arm64-v8a/build_model.json
[ +160 ms] > Task :vib3_flutter:configureCMakeRelWithDebInfo[arm64-v8a] FAILED
[ +104 ms] Build ac23a96e-71de-482a-9a95-e7b2ee0f56e6 is closed
[        ] [Incubating] Problems report is available at: file:///app/build/reports/problems/problems-report.html
[  +12 ms] FAILURE: Build failed with an exception.
[   +7 ms] * What went wrong:
[        ] Execution failed for task ':vib3_flutter:configureCMakeRelWithDebInfo[arm64-v8a]'.
[        ] > [CXX1429] error when building with cmake using /home/jules/.pub-cache/git/vib3codeSDKv3.0.0-0602b26d20cd612f231eb1d823614c82a3fd9c1b/cpp/CMakeLists.txt: -- The CXX compiler identification is Clang 18.0.1
[        ]   -- Detecting CXX compiler ABI info
[        ]   -- Detecting CXX compiler ABI info - done
[        ]   -- Check for working CXX compiler: /opt/android-sdk/ndk/27.0.12077973/toolchains/llvm/prebuilt/linux-x86_64/bin/clang++ - skipped
[        ]   -- Detecting CXX compile features
[        ]   -- Detecting CXX compile features - done
[        ]   -- Performing Test COMPILER_SUPPORTS_AVX2
[        ]   -- Performing Test COMPILER_SUPPORTS_AVX2 - Failed
[        ]   -- Performing Test COMPILER_SUPPORTS_SSE41
[        ]   -- Performing Test COMPILER_SUPPORTS_SSE41 - Failed
[        ]   -- The C compiler identification is Clang 18.0.1
[        ]   -- Detecting C compiler ABI info
[        ]   -- Detecting C compiler ABI info - done
[        ]   -- Check for working C compiler: /opt/android-sdk/ndk/27.0.12077973/toolchains/llvm/prebuilt/linux-x86_64/bin/clang - skipped
[        ]   -- Detecting C compile features
[        ]   -- Detecting C compile features - done
[        ]   -- Found Python3: /home/jules/.pyenv/shims/python3 (found version "3.12.12") found components: Interpreter
[        ]   -- Looking for pthread.h
[        ]   -- Looking for pthread.h - found
[        ]   -- Performing Test CMAKE_HAVE_LIBC_PTHREAD
[        ]   -- Performing Test CMAKE_HAVE_LIBC_PTHREAD - Failed
[   +4 ms]   -- Looking for pthread_create in pthreads
[        ]   -- Looking for pthread_create in pthreads - not found
[        ]   -- Looking for pthread_create in pthread
[        ]   -- Looking for pthread_create in pthread - not found
[        ]   -- Check if compiler accepts -pthread
[   +3 ms]   -- Check if compiler accepts -pthread - yes
[        ]   -- Found Threads: TRUE
[        ]   --
[   +2 ms]   -- VIB3 Core Configuration:
[        ]   --   Version:       1.0.0
[        ]   --   C++ Standard:  20
[        ]   --   Build WASM:    ON
[        ]   --   Build Tests:   ON
[        ]   --   Enable SIMD:   ON
[        ]   --   Enable Threads:OFF
[        ]   --   Build Type:    RelWithDebInfo
[        ]   --
[        ]   -- Configuring done
[        ]   C++ build system [configure] failed while executing:
[        ]       /opt/android-sdk/cmake/3.22.1/bin/cmake \
[        ]         -H/home/jules/.pub-cache/git/vib3codeSDKv3.0.0-0602b26d20cd612f231eb1d823614c82a3fd9c1b/cpp \
[        ]         -DCMAKE_SYSTEM_NAME=Android \
[   +1 ms]         -DCMAKE_EXPORT_COMPILE_COMMANDS=ON \
[        ]         -DCMAKE_SYSTEM_VERSION=21 \
[        ]         -DANDROID_PLATFORM=android-21 \
[        ]         -DANDROID_ABI=arm64-v8a \
[        ]         -DCMAKE_ANDROID_ARCH_ABI=arm64-v8a \
[        ]         -DANDROID_NDK=/opt/android-sdk/ndk/27.0.12077973 \
[        ]         -DCMAKE_ANDROID_NDK=/opt/android-sdk/ndk/27.0.12077973 \
[        ]         -DCMAKE_TOOLCHAIN_FILE=/opt/android-sdk/ndk/27.0.12077973/build/cmake/android.toolchain.cmake \
[        ]         -DCMAKE_MAKE_PROGRAM=/opt/android-sdk/cmake/3.22.1/bin/ninja \
[        ]         "-DCMAKE_CXX_FLAGS=-std=c++20 -O3" \
[        ]         -DCMAKE_LIBRARY_OUTPUT_DIRECTORY=/app/build/vib3_flutter/intermediates/cxx/RelWithDebInfo/o1148241/obj/arm64-v8a \
[        ]         -DCMAKE_RUNTIME_OUTPUT_DIRECTORY=/app/build/vib3_flutter/intermediates/cxx/RelWithDebInfo/o1148241/obj/arm64-v8a \
[        ]         -DCMAKE_BUILD_TYPE=RelWithDebInfo \
[        ]         -B/home/jules/.pub-cache/git/vib3codeSDKv3.0.0-0602b26d20cd612f231eb1d823614c82a3fd9c1b/flutter/android/.cxx/RelWithDebInfo/o1148241/arm64-v8a \
[        ]         -GNinja \
[        ]         -DANDROID_STL=c++_shared
[        ]     from /home/jules/.pub-cache/git/vib3codeSDKv3.0.0-0602b26d20cd612f231eb1d823614c82a3fd9c1b/flutter/android
[        ]   CMake Error at CMakeLists.txt:66 (add_library):
[        ]     Cannot find source file:
[        ]       geometry/GeometryGenerator.cpp
[        ]   CMake Error at CMakeLists.txt:186 (add_executable):
[        ]     Cannot find source file:
[        ]       tests/Vec4_test.cpp
[        ]   CMake Error at CMakeLists.txt:199 (add_executable):
[        ]     Cannot find source file:
[        ]       tests/Geometry_test.cpp
[        ]   CMake Error at CMakeLists.txt:66 (add_library):
[        ]     No SOURCES given to target: vib3_geometry
[        ]   CMake Error at CMakeLists.txt:186 (add_executable):
[        ]     No SOURCES given to target: math_tests
[        ]   CMake Error at CMakeLists.txt:199 (add_executable):
[        ]     No SOURCES given to target: geometry_tests
[        ]   CMake Generate step failed.  Build files cannot be regenerated correctly. : com.android.ide.common.process.ProcessException: -- The CXX compiler identification is Clang 18.0.1
[        ]   -- Detecting CXX compiler ABI info
[        ]   -- Detecting CXX compiler ABI info - done
[        ]   -- Check for working CXX compiler: /opt/android-sdk/ndk/27.0.12077973/toolchains/llvm/prebuilt/linux-x86_64/bin/clang++ - skipped
[        ]   -- Detecting CXX compile features
[        ]   -- Detecting CXX compile features - done
[        ]   -- Performing Test COMPILER_SUPPORTS_AVX2
[        ]   -- Performing Test COMPILER_SUPPORTS_AVX2 - Failed
[        ]   -- Performing Test COMPILER_SUPPORTS_SSE41
[        ]   -- Performing Test COMPILER_SUPPORTS_SSE41 - Failed
[        ]   -- The C compiler identification is Clang 18.0.1
[        ]   -- Detecting C compiler ABI info
[        ]   -- Detecting C compiler ABI info - done
[        ]   -- Check for working C compiler: /opt/android-sdk/ndk/27.0.12077973/toolchains/llvm/prebuilt/linux-x86_64/bin/clang - skipped
[        ]   -- Detecting C compile features
[        ]   -- Detecting C compile features - done
[        ]   -- Found Python3: /home/jules/.pyenv/shims/python3 (found version "3.12.12") found components: Interpreter
[        ]   -- Looking for pthread.h
[        ]   -- Looking for pthread.h - found
[        ]   -- Performing Test CMAKE_HAVE_LIBC_PTHREAD
[        ]   -- Performing Test CMAKE_HAVE_LIBC_PTHREAD - Failed
[        ]   -- Looking for pthread_create in pthreads
[        ]   -- Looking for pthread_create in pthreads - not found
[        ]   -- Looking for pthread_create in pthread
[        ]   -- Looking for pthread_create in pthread - not found
[        ]   -- Check if compiler accepts -pthread
[        ]   -- Check if compiler accepts -pthread - yes
[        ]   -- Found Threads: TRUE
[        ]   --
[        ]   -- VIB3 Core Configuration:
[        ]   --   Version:       1.0.0
[        ]   --   C++ Standard:  20
[        ]   --   Build WASM:    ON
[        ]   --   Build Tests:   ON
[        ]   --   Enable SIMD:   ON
[        ]   --   Enable Threads:OFF
[        ]   --   Build Type:    RelWithDebInfo
[        ]   --
[        ]   -- Configuring done
[        ]   C++ build system [configure] failed while executing:
[        ]       /opt/android-sdk/cmake/3.22.1/bin/cmake \
[        ]         -H/home/jules/.pub-cache/git/vib3codeSDKv3.0.0-0602b26d20cd612f231eb1d823614c82a3fd9c1b/cpp \
[        ]         -DCMAKE_SYSTEM_NAME=Android \
[        ]         -DCMAKE_EXPORT_COMPILE_COMMANDS=ON \
[        ]         -DCMAKE_SYSTEM_VERSION=21 \
[        ]         -DANDROID_PLATFORM=android-21 \
[        ]         -DANDROID_ABI=arm64-v8a \
[        ]         -DCMAKE_ANDROID_ARCH_ABI=arm64-v8a \
[        ]         -DANDROID_NDK=/opt/android-sdk/ndk/27.0.12077973 \
[        ]         -DCMAKE_ANDROID_NDK=/opt/android-sdk/ndk/27.0.12077973 \
[        ]         -DCMAKE_TOOLCHAIN_FILE=/opt/android-sdk/ndk/27.0.12077973/build/cmake/android.toolchain.cmake \
[        ]         -DCMAKE_MAKE_PROGRAM=/opt/android-sdk/cmake/3.22.1/bin/ninja \
[        ]         "-DCMAKE_CXX_FLAGS=-std=c++20 -O3" \
[        ]         -DCMAKE_LIBRARY_OUTPUT_DIRECTORY=/app/build/vib3_flutter/intermediates/cxx/RelWithDebInfo/o1148241/obj/arm64-v8a \
[        ]         -DCMAKE_RUNTIME_OUTPUT_DIRECTORY=/app/build/vib3_flutter/intermediates/cxx/RelWithDebInfo/o1148241/obj/arm64-v8a \
[        ]         -DCMAKE_BUILD_TYPE=RelWithDebInfo \
[        ]         -B/home/jules/.pub-cache/git/vib3codeSDKv3.0.0-0602b26d20cd612f231eb1d823614c82a3fd9c1b/flutter/android/.cxx/RelWithDebInfo/o1148241/arm64-v8a \
[        ]         -GNinja \
[        ]         -DANDROID_STL=c++_shared
[        ]     from /home/jules/.pub-cache/git/vib3codeSDKv3.0.0-0602b26d20cd612f231eb1d823614c82a3fd9c1b/flutter/android
[        ]   CMake Error at CMakeLists.txt:66 (add_library):
[        ]     Cannot find source file:
[        ]       geometry/GeometryGenerator.cpp
[        ]   CMake Error at CMakeLists.txt:186 (add_executable):
[        ]     Cannot find source file:
[        ]       tests/Vec4_test.cpp
[        ]   CMake Error at CMakeLists.txt:199 (add_executable):
[        ]     Cannot find source file:
[        ]       tests/Geometry_test.cpp
[        ]   CMake Error at CMakeLists.txt:66 (add_library):
[        ]     No SOURCES given to target: vib3_geometry
[        ]   CMake Error at CMakeLists.txt:186 (add_executable):
[        ]     No SOURCES given to target: math_tests
[        ]   CMake Error at CMakeLists.txt:199 (add_executable):
[        ]     No SOURCES given to target: geometry_tests
[        ]   CMake Generate step failed.  Build files cannot be regenerated correctly.
[        ]   	at com.android.build.gradle.internal.cxx.process.ExecuteProcessKt.execute(ExecuteProcess.kt:288)
[        ]   	at com.android.build.gradle.internal.cxx.process.ExecuteProcessKt$executeProcess$1.invoke(ExecuteProcess.kt:108)
[        ]   	at com.android.build.gradle.internal.cxx.process.ExecuteProcessKt$executeProcess$1.invoke(ExecuteProcess.kt:106)
[        ]   	at com.android.build.gradle.internal.cxx.timing.TimingEnvironmentKt.time(TimingEnvironment.kt:32)
[        ]   	at com.android.build.gradle.internal.cxx.process.ExecuteProcessKt.executeProcess(ExecuteProcess.kt:106)
[        ]   	at com.android.build.gradle.internal.cxx.process.ExecuteProcessKt.executeProcess$default(ExecuteProcess.kt:85)
[        ]   	at com.android.build.gradle.tasks.CmakeQueryMetadataGenerator.executeProcess(CmakeFileApiMetadataGenerator.kt:59)
[        ]   	at com.android.build.gradle.tasks.ExternalNativeJsonGenerator$configureOneAbi$1$1$3.invoke(ExternalNativeJsonGenerator.kt:247)
[        ]   	at com.android.build.gradle.tasks.ExternalNativeJsonGenerator$configureOneAbi$1$1$3.invoke(ExternalNativeJsonGenerator.kt:247)
[        ]   	at com.android.build.gradle.internal.cxx.timing.TimingEnvironmentKt.time(TimingEnvironment.kt:32)
[        ]   	at com.android.build.gradle.tasks.ExternalNativeJsonGenerator.configureOneAbi(ExternalNativeJsonGenerator.kt:247)
[        ]   	at com.android.build.gradle.tasks.ExternalNativeJsonGenerator.configure(ExternalNativeJsonGenerator.kt:113)
[        ]   	at com.android.build.gradle.tasks.ExternalNativeBuildJsonTask.doTaskAction(ExternalNativeBuildJsonTask.kt:89)
[        ]   	at com.android.build.gradle.internal.tasks.UnsafeOutputsTask$taskAction$$inlined$recordTaskAction$1.invoke(BaseTask.kt:59)
[        ]   	at com.android.build.gradle.internal.tasks.Blocks.recordSpan(Blocks.java:51)
[        ]   	at com.android.build.gradle.internal.tasks.UnsafeOutputsTask.taskAction(UnsafeOutputsTask.kt:81)
[        ]   	at java.base/jdk.internal.reflect.DirectMethodHandleAccessor.invoke(DirectMethodHandleAccessor.java:103)
[        ]   	at java.base/java.lang.reflect.Method.invoke(Method.java:580)
[        ]   	at org.gradle.internal.reflect.JavaMethod.invoke(JavaMethod.java:125)
[        ]   	at org.gradle.api.internal.project.taskfactory.StandardTaskAction.doExecute(StandardTaskAction.java:58)
[        ]   	at org.gradle.api.internal.project.taskfactory.StandardTaskAction.execute(StandardTaskAction.java:51)
[        ]   	at org.gradle.api.internal.project.taskfactory.StandardTaskAction.execute(StandardTaskAction.java:29)
[        ]   	at org.gradle.api.internal.tasks.execution.TaskExecution$3.run(TaskExecution.java:244)
[        ]   	at org.gradle.internal.operations.DefaultBuildOperationRunner$1.execute(DefaultBuildOperationRunner.java:30)
[        ]   	at org.gradle.internal.operations.DefaultBuildOperationRunner$1.execute(DefaultBuildOperationRunner.java:27)
[        ]   	at org.gradle.internal.operations.DefaultBuildOperationRunner$2.execute(DefaultBuildOperationRunner.java:67)
[        ]   	at org.gradle.internal.operations.DefaultBuildOperationRunner$2.execute(DefaultBuildOperationRunner.java:60)
[        ]   	at org.gradle.internal.operations.DefaultBuildOperationRunner.execute(DefaultBuildOperationRunner.java:167)
[        ]   	at org.gradle.internal.operations.DefaultBuildOperationRunner.execute(DefaultBuildOperationRunner.java:60)
[        ]   	at org.gradle.internal.operations.DefaultBuildOperationRunner.run(DefaultBuildOperationRunner.java:48)
[        ]   	at org.gradle.api.internal.tasks.execution.TaskExecution.executeAction(TaskExecution.java:229)
[        ]   	at org.gradle.api.internal.tasks.execution.TaskExecution.executeActions(TaskExecution.java:212)
[        ]   	at org.gradle.api.internal.tasks.execution.TaskExecution.executeWithPreviousOutputFiles(TaskExecution.java:195)
[        ]   	at org.gradle.api.internal.tasks.execution.TaskExecution.execute(TaskExecution.java:162)
[        ]   	at org.gradle.internal.execution.steps.ExecuteStep.executeInternal(ExecuteStep.java:105)
[        ]   	at org.gradle.internal.execution.steps.ExecuteStep.access$000(ExecuteStep.java:44)
[        ]   	at org.gradle.internal.execution.steps.ExecuteStep$1.call(ExecuteStep.java:59)
[        ]   	at org.gradle.internal.execution.steps.ExecuteStep$1.call(ExecuteStep.java:56)
[        ]   	at org.gradle.internal.operations.DefaultBuildOperationRunner$CallableBuildOperationWorker.execute(DefaultBuildOperationRunner.java:210)
[        ]   	at org.gradle.internal.operations.DefaultBuildOperationRunner$CallableBuildOperationWorker.execute(DefaultBuildOperationRunner.java:205)
[        ]   	at org.gradle.internal.operations.DefaultBuildOperationRunner$2.execute(DefaultBuildOperationRunner.java:67)
[        ]   	at org.gradle.internal.operations.DefaultBuildOperationRunner$2.execute(DefaultBuildOperationRunner.java:60)
[        ]   	at org.gradle.internal.operations.DefaultBuildOperationRunner.execute(DefaultBuildOperationRunner.java:167)
[        ]   	at org.gradle.internal.operations.DefaultBuildOperationRunner.execute(DefaultBuildOperationRunner.java:60)
[        ]   	at org.gradle.internal.operations.DefaultBuildOperationRunner.call(DefaultBuildOperationRunner.java:54)
[        ]   	at org.gradle.internal.execution.steps.ExecuteStep.execute(ExecuteStep.java:56)
[        ]   	at org.gradle.internal.execution.steps.ExecuteStep.execute(ExecuteStep.java:44)
[        ]   	at org.gradle.internal.execution.steps.CancelExecutionStep.execute(CancelExecutionStep.java:42)
[        ]   	at org.gradle.internal.execution.steps.TimeoutStep.executeWithoutTimeout(TimeoutStep.java:75)
[        ]   	at org.gradle.internal.execution.steps.TimeoutStep.execute(TimeoutStep.java:55)
[        ]   	at org.gradle.internal.execution.steps.PreCreateOutputParentsStep.execute(PreCreateOutputParentsStep.java:50)
[        ]   	at org.gradle.internal.execution.steps.PreCreateOutputParentsStep.execute(PreCreateOutputParentsStep.java:28)
[        ]   	at org.gradle.internal.execution.steps.RemovePreviousOutputsStep.execute(RemovePreviousOutputsStep.java:67)
[        ]   	at org.gradle.internal.execution.steps.RemovePreviousOutputsStep.execute(RemovePreviousOutputsStep.java:37)
[        ]   	at org.gradle.internal.execution.steps.BroadcastChangingOutputsStep.execute(BroadcastChangingOutputsStep.java:61)
[        ]   	at org.gradle.internal.execution.steps.BroadcastChangingOutputsStep.execute(BroadcastChangingOutputsStep.java:26)
[        ]   	at org.gradle.internal.execution.steps.CaptureOutputsAfterExecutionStep.execute(CaptureOutputsAfterExecutionStep.java:69)
[        ]   	at org.gradle.internal.execution.steps.CaptureOutputsAfterExecutionStep.execute(CaptureOutputsAfterExecutionStep.java:46)
[        ]   	at org.gradle.internal.execution.steps.ResolveInputChangesStep.execute(ResolveInputChangesStep.java:40)
[        ]   	at org.gradle.internal.execution.steps.ResolveInputChangesStep.execute(ResolveInputChangesStep.java:29)
[        ]   	at org.gradle.internal.execution.steps.BuildCacheStep.executeWithoutCache(BuildCacheStep.java:189)
[        ]   	at org.gradle.internal.execution.steps.BuildCacheStep.lambda$execute$1(BuildCacheStep.java:75)
[        ]   	at org.gradle.internal.Either$Right.fold(Either.java:175)
[        ]   	at org.gradle.internal.execution.caching.CachingState.fold(CachingState.java:62)
[        ]   	at org.gradle.internal.execution.steps.BuildCacheStep.execute(BuildCacheStep.java:73)
[        ]   	at org.gradle.internal.execution.steps.BuildCacheStep.execute(BuildCacheStep.java:48)
[        ]   	at org.gradle.internal.execution.steps.StoreExecutionStateStep.execute(StoreExecutionStateStep.java:46)
[        ]   	at org.gradle.internal.execution.steps.StoreExecutionStateStep.execute(StoreExecutionStateStep.java:35)
[        ]   	at org.gradle.internal.execution.steps.SkipUpToDateStep.executeBecause(SkipUpToDateStep.java:75)
[        ]   	at org.gradle.internal.execution.steps.SkipUpToDateStep.lambda$execute$2(SkipUpToDateStep.java:53)
[        ]   	at java.base/java.util.Optional.orElseGet(Optional.java:364)
[        ]   	at org.gradle.internal.execution.steps.SkipUpToDateStep.execute(SkipUpToDateStep.java:53)
[        ]   	at org.gradle.internal.execution.steps.SkipUpToDateStep.execute(SkipUpToDateStep.java:35)
[        ]   	at org.gradle.internal.execution.steps.legacy.MarkSnapshottingInputsFinishedStep.execute(MarkSnapshottingInputsFinishedStep.java:37)
[        ]   	at org.gradle.internal.execution.steps.legacy.MarkSnapshottingInputsFinishedStep.execute(MarkSnapshottingInputsFinishedStep.java:27)
[        ]   	at org.gradle.internal.execution.steps.ResolveIncrementalCachingStateStep.executeDelegate(ResolveIncrementalCachingStateStep.java:49)
[        ]   	at org.gradle.internal.execution.steps.ResolveIncrementalCachingStateStep.executeDelegate(ResolveIncrementalCachingStateStep.java:27)
[        ]   	at org.gradle.internal.execution.steps.AbstractResolveCachingStateStep.execute(AbstractResolveCachingStateStep.java:71)
[        ]   	at org.gradle.internal.execution.steps.AbstractResolveCachingStateStep.execute(AbstractResolveCachingStateStep.java:39)
[   +5 ms]   	at org.gradle.internal.execution.steps.ResolveChangesStep.execute(ResolveChangesStep.java:65)
[        ]   	at org.gradle.internal.execution.steps.ResolveChangesStep.execute(ResolveChangesStep.java:36)
[        ]   	at org.gradle.internal.execution.steps.ValidateStep.execute(ValidateStep.java:107)
[        ]   	at org.gradle.internal.execution.steps.ValidateStep.execute(ValidateStep.java:56)
[        ]   	at org.gradle.internal.execution.steps.AbstractCaptureStateBeforeExecutionStep.execute(AbstractCaptureStateBeforeExecutionStep.java:64)
[        ]   	at org.gradle.internal.execution.steps.AbstractCaptureStateBeforeExecutionStep.execute(AbstractCaptureStateBeforeExecutionStep.java:43)
[        ]   	at org.gradle.internal.execution.steps.AbstractSkipEmptyWorkStep.executeWithNonEmptySources(AbstractSkipEmptyWorkStep.java:125)
[        ]   	at org.gradle.internal.execution.steps.AbstractSkipEmptyWorkStep.execute(AbstractSkipEmptyWorkStep.java:56)
[        ]   	at org.gradle.internal.execution.steps.AbstractSkipEmptyWorkStep.execute(AbstractSkipEmptyWorkStep.java:36)
[        ]   	at org.gradle.internal.execution.steps.legacy.MarkSnapshottingInputsStartedStep.execute(MarkSnapshottingInputsStartedStep.java:38)
[        ]   	at org.gradle.internal.execution.steps.LoadPreviousExecutionStateStep.execute(LoadPreviousExecutionStateStep.java:36)
[   +1 ms]   	at org.gradle.internal.execution.steps.LoadPreviousExecutionStateStep.execute(LoadPreviousExecutionStateStep.java:23)
[        ]   	at org.gradle.internal.execution.steps.HandleStaleOutputsStep.execute(HandleStaleOutputsStep.java:75)
[        ]   	at org.gradle.internal.execution.steps.HandleStaleOutputsStep.execute(HandleStaleOutputsStep.java:41)
[        ]   	at org.gradle.internal.execution.steps.AssignMutableWorkspaceStep.lambda$execute$0(AssignMutableWorkspaceStep.java:35)
[        ]   	at org.gradle.api.internal.tasks.execution.TaskExecution$4.withWorkspace(TaskExecution.java:289)
[        ]   	at org.gradle.internal.execution.steps.AssignMutableWorkspaceStep.execute(AssignMutableWorkspaceStep.java:31)
[        ]   	at org.gradle.internal.execution.steps.AssignMutableWorkspaceStep.execute(AssignMutableWorkspaceStep.java:22)
[        ]   	at org.gradle.internal.execution.steps.ChoosePipelineStep.execute(ChoosePipelineStep.java:40)
[        ]   	at org.gradle.internal.execution.steps.ChoosePipelineStep.execute(ChoosePipelineStep.java:23)
[        ]   	at org.gradle.internal.execution.steps.ExecuteWorkBuildOperationFiringStep.lambda$execute$2(ExecuteWorkBuildOperationFiringStep.java:67)
[        ]   	at java.base/java.util.Optional.orElseGet(Optional.java:364)
[        ]   	at org.gradle.internal.execution.steps.ExecuteWorkBuildOperationFiringStep.execute(ExecuteWorkBuildOperationFiringStep.java:67)
[        ]   	at org.gradle.internal.execution.steps.ExecuteWorkBuildOperationFiringStep.execute(ExecuteWorkBuildOperationFiringStep.java:39)
[        ]   	at org.gradle.internal.execution.steps.IdentityCacheStep.execute(IdentityCacheStep.java:46)
[        ]   	at org.gradle.internal.execution.steps.IdentityCacheStep.execute(IdentityCacheStep.java:34)
[        ]   	at org.gradle.internal.execution.steps.IdentifyStep.execute(IdentifyStep.java:48)
[        ]   	at org.gradle.internal.execution.steps.IdentifyStep.execute(IdentifyStep.java:35)
[        ]   	at org.gradle.internal.execution.impl.DefaultExecutionEngine$1.execute(DefaultExecutionEngine.java:64)
[        ]   	at org.gradle.api.internal.tasks.execution.ExecuteActionsTaskExecuter.executeIfValid(ExecuteActionsTaskExecuter.java:127)
[        ]   	at org.gradle.api.internal.tasks.execution.ExecuteActionsTaskExecuter.execute(ExecuteActionsTaskExecuter.java:116)
[        ]   	at org.gradle.api.internal.tasks.execution.ProblemsTaskPathTrackingTaskExecuter.execute(ProblemsTaskPathTrackingTaskExecuter.java:41)
[        ]   	at org.gradle.api.internal.tasks.execution.FinalizePropertiesTaskExecuter.execute(FinalizePropertiesTaskExecuter.java:46)
[        ]   	at org.gradle.api.internal.tasks.execution.ResolveTaskExecutionModeExecuter.execute(ResolveTaskExecutionModeExecuter.java:51)
[        ]   	at org.gradle.api.internal.tasks.execution.SkipTaskWithNoActionsExecuter.execute(SkipTaskWithNoActionsExecuter.java:57)
[        ]   	at org.gradle.api.internal.tasks.execution.SkipOnlyIfTaskExecuter.execute(SkipOnlyIfTaskExecuter.java:74)
[        ]   	at org.gradle.api.internal.tasks.execution.CatchExceptionTaskExecuter.execute(CatchExceptionTaskExecuter.java:36)
[        ]   	at org.gradle.api.internal.tasks.execution.EventFiringTaskExecuter$1.executeTask(EventFiringTaskExecuter.java:77)
[        ]   	at org.gradle.api.internal.tasks.execution.EventFiringTaskExecuter$1.call(EventFiringTaskExecuter.java:55)
[        ]   	at org.gradle.api.internal.tasks.execution.EventFiringTaskExecuter$1.call(EventFiringTaskExecuter.java:52)
[        ]   	at org.gradle.internal.operations.DefaultBuildOperationRunner$CallableBuildOperationWorker.execute(DefaultBuildOperationRunner.java:210)
[        ]   	at org.gradle.internal.operations.DefaultBuildOperationRunner$CallableBuildOperationWorker.execute(DefaultBuildOperationRunner.java:205)
[        ]   	at org.gradle.internal.operations.DefaultBuildOperationRunner$2.execute(DefaultBuildOperationRunner.java:67)
[        ]   	at org.gradle.internal.operations.DefaultBuildOperationRunner$2.execute(DefaultBuildOperationRunner.java:60)
[        ]   	at org.gradle.internal.operations.DefaultBuildOperationRunner.execute(DefaultBuildOperationRunner.java:167)
[        ]   	at org.gradle.internal.operations.DefaultBuildOperationRunner.execute(DefaultBuildOperationRunner.java:60)
[        ]   	at org.gradle.internal.operations.DefaultBuildOperationRunner.call(DefaultBuildOperationRunner.java:54)
[        ]   	at org.gradle.api.internal.tasks.execution.EventFiringTaskExecuter.execute(EventFiringTaskExecuter.java:52)
[        ]   	at org.gradle.execution.plan.LocalTaskNodeExecutor.execute(LocalTaskNodeExecutor.java:42)
[        ]   	at org.gradle.execution.taskgraph.DefaultTaskExecutionGraph$InvokeNodeExecutorsAction.execute(DefaultTaskExecutionGraph.java:331)
[        ]   	at org.gradle.execution.taskgraph.DefaultTaskExecutionGraph$InvokeNodeExecutorsAction.execute(DefaultTaskExecutionGraph.java:318)
[        ]   	at org.gradle.execution.taskgraph.DefaultTaskExecutionGraph$BuildOperationAwareExecutionAction.lambda$execute$0(DefaultTaskExecutionGraph.java:314)
[        ]   	at org.gradle.internal.operations.CurrentBuildOperationRef.with(CurrentBuildOperationRef.java:85)
[        ]   	at org.gradle.execution.taskgraph.DefaultTaskExecutionGraph$BuildOperationAwareExecutionAction.execute(DefaultTaskExecutionGraph.java:314)
[        ]   	at org.gradle.execution.taskgraph.DefaultTaskExecutionGraph$BuildOperationAwareExecutionAction.execute(DefaultTaskExecutionGraph.java:303)
[        ]   	at org.gradle.execution.plan.DefaultPlanExecutor$ExecutorWorker.execute(DefaultPlanExecutor.java:459)
[        ]   	at org.gradle.execution.plan.DefaultPlanExecutor$ExecutorWorker.run(DefaultPlanExecutor.java:376)
[        ]   	at org.gradle.internal.concurrent.ExecutorPolicy$CatchAndRecordFailures.onExecute(ExecutorPolicy.java:64)
[        ]   	at org.gradle.internal.concurrent.AbstractManagedExecutor$1.run(AbstractManagedExecutor.java:48)
[        ]   	at java.base/java.util.concurrent.ThreadPoolExecutor.runWorker(ThreadPoolExecutor.java:1144)
[        ]   	at java.base/java.util.concurrent.ThreadPoolExecutor$Worker.run(ThreadPoolExecutor.java:642)
[        ]   	at java.base/java.lang.Thread.run(Thread.java:1583)
[        ]   Caused by: com.android.ide.common.process.ProcessException: Error while executing process /opt/android-sdk/cmake/3.22.1/bin/cmake with arguments {-H/home/jules/.pub-cache/git/vib3codeSDKv3.0.0-0602b26d20cd612f231eb1d823614c82a3fd9c1b/cpp -DCMAKE_SYSTEM_NAME=Android -DCMAKE_EXPORT_COMPILE_COMMANDS=ON -DCMAKE_SYSTEM_VERSION=21 -DANDROID_PLATFORM=android-21 -DANDROID_ABI=arm64-v8a -DCMAKE_ANDROID_ARCH_ABI=arm64-v8a -DANDROID_NDK=/opt/android-sdk/ndk/27.0.12077973 -DCMAKE_ANDROID_NDK=/opt/android-sdk/ndk/27.0.12077973 -DCMAKE_TOOLCHAIN_FILE=/opt/android-sdk/ndk/27.0.12077973/build/cmake/android.toolchain.cmake -DCMAKE_MAKE_PROGRAM=/opt/android-sdk/cmake/3.22.1/bin/ninja -DCMAKE_CXX_FLAGS=-std=c++20 -O3 -DCMAKE_LIBRARY_OUTPUT_DIRECTORY=/app/build/vib3_flutter/intermediates/cxx/RelWithDebInfo/o1148241/obj/arm64-v8a -DCMAKE_RUNTIME_OUTPUT_DIRECTORY=/app/build/vib3_flutter/intermediates/cxx/RelWithDebInfo/o1148241/obj/arm64-v8a -DCMAKE_BUILD_TYPE=RelWithDebInfo -B/home/jules/.pub-cache/git/vib3codeSDKv3.0.0-0602b26d20cd612f231eb1d823614c82a3fd9c1b/flutter/android/.cxx/RelWithDebInfo/o1148241/arm64-v8a -GNinja -DANDROID_STL=c++_shared}
[        ]   	at com.android.build.gradle.internal.process.GradleProcessResult.buildProcessException(GradleProcessResult.java:73)
[        ]   	at com.android.build.gradle.internal.process.GradleProcessResult.assertNormalExitValue(GradleProcessResult.java:48)
[        ]   	at com.android.build.gradle.internal.cxx.process.ExecuteProcessKt.execute(ExecuteProcess.kt:277)
[        ]   	... 140 more
[        ]   Caused by: org.gradle.process.internal.ExecException: Process 'command '/opt/android-sdk/cmake/3.22.1/bin/cmake'' finished with non-zero exit value 1
[        ]   	at org.gradle.process.internal.DefaultExecHandle$ExecResultImpl.assertNormalExitValue(DefaultExecHandle.java:442)
[        ]   	at com.android.build.gradle.internal.process.GradleProcessResult.assertNormalExitValue(GradleProcessResult.java:46)
[        ]   	... 141 more
[        ] * Try:
[        ] > Run with --debug option to get more log output.
[        ] > Run with --scan to get full insights.
[        ] > Get more help at https://help.gradle.org.
[        ] * Exception is:
[        ] org.gradle.api.tasks.TaskExecutionException: Execution failed for task ':vib3_flutter:configureCMakeRelWithDebInfo[arm64-v8a]'.
[   +1 ms] 	at org.gradle.api.internal.tasks.execution.ExecuteActionsTaskExecuter.lambda$executeIfValid$1(ExecuteActionsTaskExecuter.java:130)
[        ] 	at org.gradle.internal.Try$Failure.ifSuccessfulOrElse(Try.java:293)
[        ] 	at org.gradle.api.internal.tasks.execution.ExecuteActionsTaskExecuter.executeIfValid(ExecuteActionsTaskExecuter.java:128)
[        ] 	at org.gradle.api.internal.tasks.execution.ExecuteActionsTaskExecuter.execute(ExecuteActionsTaskExecuter.java:116)
[        ] 	at org.gradle.api.internal.tasks.execution.ProblemsTaskPathTrackingTaskExecuter.execute(ProblemsTaskPathTrackingTaskExecuter.java:41)
[        ] 	at org.gradle.api.internal.tasks.execution.FinalizePropertiesTaskExecuter.execute(FinalizePropertiesTaskExecuter.java:46)
[        ] 	at org.gradle.api.internal.tasks.execution.ResolveTaskExecutionModeExecuter.execute(ResolveTaskExecutionModeExecuter.java:51)
[        ] 	at org.gradle.api.internal.tasks.execution.SkipTaskWithNoActionsExecuter.execute(SkipTaskWithNoActionsExecuter.java:57)
[        ] 	at org.gradle.api.internal.tasks.execution.SkipOnlyIfTaskExecuter.execute(SkipOnlyIfTaskExecuter.java:74)
[        ] 	at org.gradle.api.internal.tasks.execution.CatchExceptionTaskExecuter.execute(CatchExceptionTaskExecuter.java:36)
[        ] 	at org.gradle.api.internal.tasks.execution.EventFiringTaskExecuter$1.executeTask(EventFiringTaskExecuter.java:77)
[        ] 	at org.gradle.api.internal.tasks.execution.EventFiringTaskExecuter$1.call(EventFiringTaskExecuter.java:55)
[        ] 	at org.gradle.api.internal.tasks.execution.EventFiringTaskExecuter$1.call(EventFiringTaskExecuter.java:52)
[        ] 	at org.gradle.internal.operations.DefaultBuildOperationRunner$CallableBuildOperationWorker.execute(DefaultBuildOperationRunner.java:210)
[        ] 	at org.gradle.internal.operations.DefaultBuildOperationRunner$CallableBuildOperationWorker.execute(DefaultBuildOperationRunner.java:205)
[        ] 	at org.gradle.internal.operations.DefaultBuildOperationRunner$2.execute(DefaultBuildOperationRunner.java:67)
[        ] 	at org.gradle.internal.operations.DefaultBuildOperationRunner$2.execute(DefaultBuildOperationRunner.java:60)
[        ] 	at org.gradle.internal.operations.DefaultBuildOperationRunner.execute(DefaultBuildOperationRunner.java:167)
[        ] 	at org.gradle.internal.operations.DefaultBuildOperationRunner.execute(DefaultBuildOperationRunner.java:60)
[        ] 	at org.gradle.internal.operations.DefaultBuildOperationRunner.call(DefaultBuildOperationRunner.java:54)
[        ] 	at org.gradle.api.internal.tasks.execution.EventFiringTaskExecuter.execute(EventFiringTaskExecuter.java:52)
[        ] 	at org.gradle.execution.plan.LocalTaskNodeExecutor.execute(LocalTaskNodeExecutor.java:42)
[        ] 	at org.gradle.execution.taskgraph.DefaultTaskExecutionGraph$InvokeNodeExecutorsAction.execute(DefaultTaskExecutionGraph.java:331)
[        ] 	at org.gradle.execution.taskgraph.DefaultTaskExecutionGraph$InvokeNodeExecutorsAction.execute(DefaultTaskExecutionGraph.java:318)
[        ] 	at org.gradle.execution.taskgraph.DefaultTaskExecutionGraph$BuildOperationAwareExecutionAction.lambda$execute$0(DefaultTaskExecutionGraph.java:314)
[        ] 	at org.gradle.internal.operations.CurrentBuildOperationRef.with(CurrentBuildOperationRef.java:85)
[        ] 	at org.gradle.execution.taskgraph.DefaultTaskExecutionGraph$BuildOperationAwareExecutionAction.execute(DefaultTaskExecutionGraph.java:314)
[        ] 	at org.gradle.execution.taskgraph.DefaultTaskExecutionGraph$BuildOperationAwareExecutionAction.execute(DefaultTaskExecutionGraph.java:303)
[        ] 	at org.gradle.execution.plan.DefaultPlanExecutor$ExecutorWorker.execute(DefaultPlanExecutor.java:459)
[        ] 	at org.gradle.execution.plan.DefaultPlanExecutor$ExecutorWorker.run(DefaultPlanExecutor.java:376)
[        ] 	at org.gradle.internal.concurrent.ExecutorPolicy$CatchAndRecordFailures.onExecute(ExecutorPolicy.java:64)
[        ] 	at org.gradle.internal.concurrent.AbstractManagedExecutor$1.run(AbstractManagedExecutor.java:48)
[        ] 	at java.base/java.util.concurrent.ThreadPoolExecutor.runWorker(ThreadPoolExecutor.java:1144)
[        ] 	at java.base/java.util.concurrent.ThreadPoolExecutor$Worker.run(ThreadPoolExecutor.java:642)
[        ] 	at java.base/java.lang.Thread.run(Thread.java:1583)
[        ] Caused by: com.android.builder.errors.EvalIssueException: [CXX1429] error when building with cmake using /home/jules/.pub-cache/git/vib3codeSDKv3.0.0-0602b26d20cd612f231eb1d823614c82a3fd9c1b/cpp/CMakeLists.txt: -- The CXX compiler identification is Clang 18.0.1
[        ] -- Detecting CXX compiler ABI info
[        ] -- Detecting CXX compiler ABI info - done
[        ] -- Check for working CXX compiler: /opt/android-sdk/ndk/27.0.12077973/toolchains/llvm/prebuilt/linux-x86_64/bin/clang++ - skipped
[        ] -- Detecting CXX compile features
[        ] -- Detecting CXX compile features - done
[        ] -- Performing Test COMPILER_SUPPORTS_AVX2
[        ] -- Performing Test COMPILER_SUPPORTS_AVX2 - Failed
[        ] -- Performing Test COMPILER_SUPPORTS_SSE41
[        ] -- Performing Test COMPILER_SUPPORTS_SSE41 - Failed
[        ] -- The C compiler identification is Clang 18.0.1
[        ] -- Detecting C compiler ABI info
[        ] -- Detecting C compiler ABI info - done
[        ] -- Check for working C compiler: /opt/android-sdk/ndk/27.0.12077973/toolchains/llvm/prebuilt/linux-x86_64/bin/clang - skipped
[        ] -- Detecting C compile features
[        ] -- Detecting C compile features - done
[        ] -- Found Python3: /home/jules/.pyenv/shims/python3 (found version "3.12.12") found components: Interpreter
[        ] -- Looking for pthread.h
[        ] -- Looking for pthread.h - found
[        ] -- Performing Test CMAKE_HAVE_LIBC_PTHREAD
[        ] -- Performing Test CMAKE_HAVE_LIBC_PTHREAD - Failed
[        ] -- Looking for pthread_create in pthreads
[        ] -- Looking for pthread_create in pthreads - not found
[        ] -- Looking for pthread_create in pthread
[        ] -- Looking for pthread_create in pthread - not found
[   +1 ms] -- Check if compiler accepts -pthread
[        ] -- Check if compiler accepts -pthread - yes
[        ] -- Found Threads: TRUE
[        ] --
[        ] -- VIB3 Core Configuration:
[        ] --   Version:       1.0.0
[        ] --   C++ Standard:  20
[        ] --   Build WASM:    ON
[        ] --   Build Tests:   ON
[        ] --   Enable SIMD:   ON
[        ] --   Enable Threads:OFF
[        ] --   Build Type:    RelWithDebInfo
[        ] --
[        ] -- Configuring done
[        ] C++ build system [configure] failed while executing:
[        ]     /opt/android-sdk/cmake/3.22.1/bin/cmake \
[        ]       -H/home/jules/.pub-cache/git/vib3codeSDKv3.0.0-0602b26d20cd612f231eb1d823614c82a3fd9c1b/cpp \
[        ]       -DCMAKE_SYSTEM_NAME=Android \
[        ]       -DCMAKE_EXPORT_COMPILE_COMMANDS=ON \
[        ]       -DCMAKE_SYSTEM_VERSION=21 \
[        ]       -DANDROID_PLATFORM=android-21 \
[        ]       -DANDROID_ABI=arm64-v8a \
[        ]       -DCMAKE_ANDROID_ARCH_ABI=arm64-v8a \
[        ]       -DANDROID_NDK=/opt/android-sdk/ndk/27.0.12077973 \
[        ]       -DCMAKE_ANDROID_NDK=/opt/android-sdk/ndk/27.0.12077973 \
[        ]       -DCMAKE_TOOLCHAIN_FILE=/opt/android-sdk/ndk/27.0.12077973/build/cmake/android.toolchain.cmake \
[        ]       -DCMAKE_MAKE_PROGRAM=/opt/android-sdk/cmake/3.22.1/bin/ninja \
[        ]       "-DCMAKE_CXX_FLAGS=-std=c++20 -O3" \
[        ]       -DCMAKE_LIBRARY_OUTPUT_DIRECTORY=/app/build/vib3_flutter/intermediates/cxx/RelWithDebInfo/o1148241/obj/arm64-v8a \
[        ]       -DCMAKE_RUNTIME_OUTPUT_DIRECTORY=/app/build/vib3_flutter/intermediates/cxx/RelWithDebInfo/o1148241/obj/arm64-v8a \
[        ]       -DCMAKE_BUILD_TYPE=RelWithDebInfo \
[        ]       -B/home/jules/.pub-cache/git/vib3codeSDKv3.0.0-0602b26d20cd612f231eb1d823614c82a3fd9c1b/flutter/android/.cxx/RelWithDebInfo/o1148241/arm64-v8a \
[        ]       -GNinja \
[        ]       -DANDROID_STL=c++_shared
[        ]   from /home/jules/.pub-cache/git/vib3codeSDKv3.0.0-0602b26d20cd612f231eb1d823614c82a3fd9c1b/flutter/android
[        ] CMake Error at CMakeLists.txt:66 (add_library):
[        ]   Cannot find source file:
[        ]     geometry/GeometryGenerator.cpp
[        ] CMake Error at CMakeLists.txt:186 (add_executable):
[        ]   Cannot find source file:
[        ]     tests/Vec4_test.cpp
[   +4 ms] CMake Error at CMakeLists.txt:199 (add_executable):
[   +3 ms]   Cannot find source file:
[        ]     tests/Geometry_test.cpp
[        ] CMake Error at CMakeLists.txt:66 (add_library):
[        ]   No SOURCES given to target: vib3_geometry
[        ] CMake Error at CMakeLists.txt:186 (add_executable):
[        ]   No SOURCES given to target: math_tests
[        ] CMake Error at CMakeLists.txt:199 (add_executable):
[        ]   No SOURCES given to target: geometry_tests
[        ] CMake Generate step failed.  Build files cannot be regenerated correctly. : com.android.ide.common.process.ProcessException: -- The CXX compiler identification is Clang 18.0.1
[   +1 ms] -- Detecting CXX compiler ABI info
[        ] -- Detecting CXX compiler ABI info - done
[        ] -- Check for working CXX compiler: /opt/android-sdk/ndk/27.0.12077973/toolchains/llvm/prebuilt/linux-x86_64/bin/clang++ - skipped
[        ] -- Detecting CXX compile features
[        ] -- Detecting CXX compile features - done
[        ] -- Performing Test COMPILER_SUPPORTS_AVX2
[        ] -- Performing Test COMPILER_SUPPORTS_AVX2 - Failed
[        ] -- Performing Test COMPILER_SUPPORTS_SSE41
[        ] -- Performing Test COMPILER_SUPPORTS_SSE41 - Failed
[        ] -- The C compiler identification is Clang 18.0.1
[        ] -- Detecting C compiler ABI info
[        ] -- Detecting C compiler ABI info - done
[        ] -- Check for working C compiler: /opt/android-sdk/ndk/27.0.12077973/toolchains/llvm/prebuilt/linux-x86_64/bin/clang - skipped
[        ] -- Detecting C compile features
[        ] -- Detecting C compile features - done
[        ] -- Found Python3: /home/jules/.pyenv/shims/python3 (found version "3.12.12") found components: Interpreter
[        ] -- Looking for pthread.h
[   +3 ms] -- Looking for pthread.h - found
[        ] -- Performing Test CMAKE_HAVE_LIBC_PTHREAD
[        ] -- Performing Test CMAKE_HAVE_LIBC_PTHREAD - Failed
[        ] -- Looking for pthread_create in pthreads
[        ] -- Looking for pthread_create in pthreads - not found
[        ] -- Looking for pthread_create in pthread
[        ] -- Looking for pthread_create in pthread - not found
[        ] -- Check if compiler accepts -pthread
[        ] -- Check if compiler accepts -pthread - yes
[        ] -- Found Threads: TRUE
[        ] --
[        ] -- VIB3 Core Configuration:
[        ] --   Version:       1.0.0
[        ] --   C++ Standard:  20
[        ] --   Build WASM:    ON
[        ] --   Build Tests:   ON
[        ] --   Enable SIMD:   ON
[        ] --   Enable Threads:OFF
[        ] --   Build Type:    RelWithDebInfo
[        ] --
[        ] -- Configuring done
[        ] C++ build system [configure] failed while executing:
[        ]     /opt/android-sdk/cmake/3.22.1/bin/cmake \
[        ]       -H/home/jules/.pub-cache/git/vib3codeSDKv3.0.0-0602b26d20cd612f231eb1d823614c82a3fd9c1b/cpp \
[        ]       -DCMAKE_SYSTEM_NAME=Android \
[        ]       -DCMAKE_EXPORT_COMPILE_COMMANDS=ON \
[        ]       -DCMAKE_SYSTEM_VERSION=21 \
[        ]       -DANDROID_PLATFORM=android-21 \
[        ]       -DANDROID_ABI=arm64-v8a \
[        ]       -DCMAKE_ANDROID_ARCH_ABI=arm64-v8a \
[        ]       -DANDROID_NDK=/opt/android-sdk/ndk/27.0.12077973 \
[        ]       -DCMAKE_ANDROID_NDK=/opt/android-sdk/ndk/27.0.12077973 \
[        ]       -DCMAKE_TOOLCHAIN_FILE=/opt/android-sdk/ndk/27.0.12077973/build/cmake/android.toolchain.cmake \
[        ]       -DCMAKE_MAKE_PROGRAM=/opt/android-sdk/cmake/3.22.1/bin/ninja \
[        ]       "-DCMAKE_CXX_FLAGS=-std=c++20 -O3" \
[        ]       -DCMAKE_LIBRARY_OUTPUT_DIRECTORY=/app/build/vib3_flutter/intermediates/cxx/RelWithDebInfo/o1148241/obj/arm64-v8a \
[        ]       -DCMAKE_RUNTIME_OUTPUT_DIRECTORY=/app/build/vib3_flutter/intermediates/cxx/RelWithDebInfo/o1148241/obj/arm64-v8a \
[        ]       -DCMAKE_BUILD_TYPE=RelWithDebInfo \
[        ]       -B/home/jules/.pub-cache/git/vib3codeSDKv3.0.0-0602b26d20cd612f231eb1d823614c82a3fd9c1b/flutter/android/.cxx/RelWithDebInfo/o1148241/arm64-v8a \
[        ]       -GNinja \
[        ]       -DANDROID_STL=c++_shared
[        ]   from /home/jules/.pub-cache/git/vib3codeSDKv3.0.0-0602b26d20cd612f231eb1d823614c82a3fd9c1b/flutter/android
[        ] CMake Error at CMakeLists.txt:66 (add_library):
[        ]   Cannot find source file:
[        ]     geometry/GeometryGenerator.cpp
[        ] CMake Error at CMakeLists.txt:186 (add_executable):
[        ]   Cannot find source file:
[        ]     tests/Vec4_test.cpp
[        ] CMake Error at CMakeLists.txt:199 (add_executable):
[        ]   Cannot find source file:
[        ]     tests/Geometry_test.cpp
[        ] CMake Error at CMakeLists.txt:66 (add_library):
[        ]   No SOURCES given to target: vib3_geometry
[        ] CMake Error at CMakeLists.txt:186 (add_executable):
[        ]   No SOURCES given to target: math_tests
[        ] CMake Error at CMakeLists.txt:199 (add_executable):
[        ]   No SOURCES given to target: geometry_tests
[        ] CMake Generate step failed.  Build files cannot be regenerated correctly.
[        ] 	at com.android.build.gradle.internal.cxx.process.ExecuteProcessKt.execute(ExecuteProcess.kt:288)
[        ] 	at com.android.build.gradle.internal.cxx.process.ExecuteProcessKt$executeProcess$1.invoke(ExecuteProcess.kt:108)
[        ] 	at com.android.build.gradle.internal.cxx.process.ExecuteProcessKt$executeProcess$1.invoke(ExecuteProcess.kt:106)
[        ] 	at com.android.build.gradle.internal.cxx.timing.TimingEnvironmentKt.time(TimingEnvironment.kt:32)
[        ] 	at com.android.build.gradle.internal.cxx.process.ExecuteProcessKt.executeProcess(ExecuteProcess.kt:106)
[        ] 	at com.android.build.gradle.internal.cxx.process.ExecuteProcessKt.executeProcess$default(ExecuteProcess.kt:85)
[        ] 	at com.android.build.gradle.tasks.CmakeQueryMetadataGenerator.executeProcess(CmakeFileApiMetadataGenerator.kt:59)
[        ] 	at com.android.build.gradle.tasks.ExternalNativeJsonGenerator$configureOneAbi$1$1$3.invoke(ExternalNativeJsonGenerator.kt:247)
[        ] 	at com.android.build.gradle.tasks.ExternalNativeJsonGenerator$configureOneAbi$1$1$3.invoke(ExternalNativeJsonGenerator.kt:247)
[        ] 	at com.android.build.gradle.internal.cxx.timing.TimingEnvironmentKt.time(TimingEnvironment.kt:32)
[        ] 	at com.android.build.gradle.tasks.ExternalNativeJsonGenerator.configureOneAbi(ExternalNativeJsonGenerator.kt:247)
[        ] 	at com.android.build.gradle.tasks.ExternalNativeJsonGenerator.configure(ExternalNativeJsonGenerator.kt:113)
[        ] 	at com.android.build.gradle.tasks.ExternalNativeBuildJsonTask.doTaskAction(ExternalNativeBuildJsonTask.kt:89)
[        ] 	at com.android.build.gradle.internal.tasks.UnsafeOutputsTask$taskAction$$inlined$recordTaskAction$1.invoke(BaseTask.kt:59)
[        ] 	at com.android.build.gradle.internal.tasks.Blocks.recordSpan(Blocks.java:51)
[        ] 	at com.android.build.gradle.internal.tasks.UnsafeOutputsTask.taskAction(UnsafeOutputsTask.kt:81)
[        ] 	at java.base/jdk.internal.reflect.DirectMethodHandleAccessor.invoke(DirectMethodHandleAccessor.java:103)
[        ] 	at java.base/java.lang.reflect.Method.invoke(Method.java:580)
[        ] 	at org.gradle.internal.reflect.JavaMethod.invoke(JavaMethod.java:125)
[        ] 	at org.gradle.api.internal.project.taskfactory.StandardTaskAction.doExecute(StandardTaskAction.java:58)
[        ] 	at org.gradle.api.internal.project.taskfactory.StandardTaskAction.execute(StandardTaskAction.java:51)
[        ] 	at org.gradle.api.internal.project.taskfactory.StandardTaskAction.execute(StandardTaskAction.java:29)
[        ] 	at org.gradle.api.internal.tasks.execution.TaskExecution$3.run(TaskExecution.java:244)
[        ] 	at org.gradle.internal.operations.DefaultBuildOperationRunner$1.execute(DefaultBuildOperationRunner.java:30)
[        ] 	at org.gradle.internal.operations.DefaultBuildOperationRunner$1.execute(DefaultBuildOperationRunner.java:27)
[        ] 	at org.gradle.internal.operations.DefaultBuildOperationRunner$2.execute(DefaultBuildOperationRunner.java:67)
[        ] 	at org.gradle.internal.operations.DefaultBuildOperationRunner$2.execute(DefaultBuildOperationRunner.java:60)
[        ] 	at org.gradle.internal.operations.DefaultBuildOperationRunner.execute(DefaultBuildOperationRunner.java:167)
[        ] 	at org.gradle.internal.operations.DefaultBuildOperationRunner.execute(DefaultBuildOperationRunner.java:60)
[        ] 	at org.gradle.internal.operations.DefaultBuildOperationRunner.run(DefaultBuildOperationRunner.java:48)
[        ] 	at org.gradle.api.internal.tasks.execution.TaskExecution.executeAction(TaskExecution.java:229)
[        ] 	at org.gradle.api.internal.tasks.execution.TaskExecution.executeActions(TaskExecution.java:212)
[        ] 	at org.gradle.api.internal.tasks.execution.TaskExecution.executeWithPreviousOutputFiles(TaskExecution.java:195)
[        ] 	at org.gradle.api.internal.tasks.execution.TaskExecution.execute(TaskExecution.java:162)
[        ] 	at org.gradle.internal.execution.steps.ExecuteStep.executeInternal(ExecuteStep.java:105)
[        ] 	at org.gradle.internal.execution.steps.ExecuteStep.access$000(ExecuteStep.java:44)
[        ] 	at org.gradle.internal.execution.steps.ExecuteStep$1.call(ExecuteStep.java:59)
[        ] 	at org.gradle.internal.execution.steps.ExecuteStep$1.call(ExecuteStep.java:56)
[        ] 	at org.gradle.internal.operations.DefaultBuildOperationRunner$CallableBuildOperationWorker.execute(DefaultBuildOperationRunner.java:210)
[        ] 	at org.gradle.internal.operations.DefaultBuildOperationRunner$CallableBuildOperationWorker.execute(DefaultBuildOperationRunner.java:205)
[        ] 	at org.gradle.internal.operations.DefaultBuildOperationRunner$2.execute(DefaultBuildOperationRunner.java:67)
[        ] 	at org.gradle.internal.operations.DefaultBuildOperationRunner$2.execute(DefaultBuildOperationRunner.java:60)
[        ] 	at org.gradle.internal.operations.DefaultBuildOperationRunner.execute(DefaultBuildOperationRunner.java:167)
[        ] 	at org.gradle.internal.operations.DefaultBuildOperationRunner.execute(DefaultBuildOperationRunner.java:60)
[        ] 	at org.gradle.internal.operations.DefaultBuildOperationRunner.call(DefaultBuildOperationRunner.java:54)
[        ] 	at org.gradle.internal.execution.steps.ExecuteStep.execute(ExecuteStep.java:56)
[        ] 	at org.gradle.internal.execution.steps.ExecuteStep.execute(ExecuteStep.java:44)
[        ] 	at org.gradle.internal.execution.steps.CancelExecutionStep.execute(CancelExecutionStep.java:42)
[   +9 ms] 	at org.gradle.internal.execution.steps.TimeoutStep.executeWithoutTimeout(TimeoutStep.java:75)
[        ] 	at org.gradle.internal.execution.steps.TimeoutStep.execute(TimeoutStep.java:55)
[        ] 	at org.gradle.internal.execution.steps.PreCreateOutputParentsStep.execute(PreCreateOutputParentsStep.java:50)
[        ] 	at org.gradle.internal.execution.steps.PreCreateOutputParentsStep.execute(PreCreateOutputParentsStep.java:28)
[        ] 	at org.gradle.internal.execution.steps.RemovePreviousOutputsStep.execute(RemovePreviousOutputsStep.java:67)
[        ] 	at org.gradle.internal.execution.steps.RemovePreviousOutputsStep.execute(RemovePreviousOutputsStep.java:37)
[        ] 	at org.gradle.internal.execution.steps.BroadcastChangingOutputsStep.execute(BroadcastChangingOutputsStep.java:61)
[        ] 	at org.gradle.internal.execution.steps.BroadcastChangingOutputsStep.execute(BroadcastChangingOutputsStep.java:26)
[        ] 	at org.gradle.internal.execution.steps.CaptureOutputsAfterExecutionStep.execute(CaptureOutputsAfterExecutionStep.java:69)
[        ] 	at org.gradle.internal.execution.steps.CaptureOutputsAfterExecutionStep.execute(CaptureOutputsAfterExecutionStep.java:46)
[        ] 	at org.gradle.internal.execution.steps.ResolveInputChangesStep.execute(ResolveInputChangesStep.java:40)
[        ] 	at org.gradle.internal.execution.steps.ResolveInputChangesStep.execute(ResolveInputChangesStep.java:29)
[        ] 	at org.gradle.internal.execution.steps.BuildCacheStep.executeWithoutCache(BuildCacheStep.java:189)
[        ] 	at org.gradle.internal.execution.steps.BuildCacheStep.lambda$execute$1(BuildCacheStep.java:75)
[        ] 	at org.gradle.internal.Either$Right.fold(Either.java:175)
[        ] 	at org.gradle.internal.execution.caching.CachingState.fold(CachingState.java:62)
[        ] 	at org.gradle.internal.execution.steps.BuildCacheStep.execute(BuildCacheStep.java:73)
[        ] 	at org.gradle.internal.execution.steps.BuildCacheStep.execute(BuildCacheStep.java:48)
[        ] 	at org.gradle.internal.execution.steps.StoreExecutionStateStep.execute(StoreExecutionStateStep.java:46)
[        ] 	at org.gradle.internal.execution.steps.StoreExecutionStateStep.execute(StoreExecutionStateStep.java:35)
[        ] 	at org.gradle.internal.execution.steps.SkipUpToDateStep.executeBecause(SkipUpToDateStep.java:75)
[        ] 	at org.gradle.internal.execution.steps.SkipUpToDateStep.lambda$execute$2(SkipUpToDateStep.java:53)
[        ] 	at java.base/java.util.Optional.orElseGet(Optional.java:364)
[        ] 	at org.gradle.internal.execution.steps.SkipUpToDateStep.execute(SkipUpToDateStep.java:53)
[        ] 	at org.gradle.internal.execution.steps.SkipUpToDateStep.execute(SkipUpToDateStep.java:35)
[        ] 	at org.gradle.internal.execution.steps.legacy.MarkSnapshottingInputsFinishedStep.execute(MarkSnapshottingInputsFinishedStep.java:37)
[        ] 	at org.gradle.internal.execution.steps.legacy.MarkSnapshottingInputsFinishedStep.execute(MarkSnapshottingInputsFinishedStep.java:27)
[        ] 	at org.gradle.internal.execution.steps.ResolveIncrementalCachingStateStep.executeDelegate(ResolveIncrementalCachingStateStep.java:49)
[        ] 	at org.gradle.internal.execution.steps.ResolveIncrementalCachingStateStep.executeDelegate(ResolveIncrementalCachingStateStep.java:27)
[        ] 	at org.gradle.internal.execution.steps.AbstractResolveCachingStateStep.execute(AbstractResolveCachingStateStep.java:71)
[        ] 	at org.gradle.internal.execution.steps.AbstractResolveCachingStateStep.execute(AbstractResolveCachingStateStep.java:39)
[        ] 	at org.gradle.internal.execution.steps.ResolveChangesStep.execute(ResolveChangesStep.java:65)
[        ] 	at org.gradle.internal.execution.steps.ResolveChangesStep.execute(ResolveChangesStep.java:36)
[        ] 	at org.gradle.internal.execution.steps.ValidateStep.execute(ValidateStep.java:107)
[        ] 	at org.gradle.internal.execution.steps.ValidateStep.execute(ValidateStep.java:56)
[        ] 	at org.gradle.internal.execution.steps.AbstractCaptureStateBeforeExecutionStep.execute(AbstractCaptureStateBeforeExecutionStep.java:64)
[        ] 	at org.gradle.internal.execution.steps.AbstractCaptureStateBeforeExecutionStep.execute(AbstractCaptureStateBeforeExecutionStep.java:43)
[        ] 	at org.gradle.internal.execution.steps.AbstractSkipEmptyWorkStep.executeWithNonEmptySources(AbstractSkipEmptyWorkStep.java:125)
[        ] 	at org.gradle.internal.execution.steps.AbstractSkipEmptyWorkStep.execute(AbstractSkipEmptyWorkStep.java:56)
[        ] 	at org.gradle.internal.execution.steps.AbstractSkipEmptyWorkStep.execute(AbstractSkipEmptyWorkStep.java:36)
[        ] 	at org.gradle.internal.execution.steps.legacy.MarkSnapshottingInputsStartedStep.execute(MarkSnapshottingInputsStartedStep.java:38)
[        ] 	at org.gradle.internal.execution.steps.LoadPreviousExecutionStateStep.execute(LoadPreviousExecutionStateStep.java:36)
[        ] 	at org.gradle.internal.execution.steps.LoadPreviousExecutionStateStep.execute(LoadPreviousExecutionStateStep.java:23)
[        ] 	at org.gradle.internal.execution.steps.HandleStaleOutputsStep.execute(HandleStaleOutputsStep.java:75)
[        ] 	at org.gradle.internal.execution.steps.HandleStaleOutputsStep.execute(HandleStaleOutputsStep.java:41)
[        ] 	at org.gradle.internal.execution.steps.AssignMutableWorkspaceStep.lambda$execute$0(AssignMutableWorkspaceStep.java:35)
[        ] 	at org.gradle.api.internal.tasks.execution.TaskExecution$4.withWorkspace(TaskExecution.java:289)
[        ] 	at org.gradle.internal.execution.steps.AssignMutableWorkspaceStep.execute(AssignMutableWorkspaceStep.java:31)
[        ] 	at org.gradle.internal.execution.steps.AssignMutableWorkspaceStep.execute(AssignMutableWorkspaceStep.java:22)
[        ] 	at org.gradle.internal.execution.steps.ChoosePipelineStep.execute(ChoosePipelineStep.java:40)
[        ] 	at org.gradle.internal.execution.steps.ChoosePipelineStep.execute(ChoosePipelineStep.java:23)
[        ] 	at org.gradle.internal.execution.steps.ExecuteWorkBuildOperationFiringStep.lambda$execute$2(ExecuteWorkBuildOperationFiringStep.java:67)
[        ] 	at java.base/java.util.Optional.orElseGet(Optional.java:364)
[        ] 	at org.gradle.internal.execution.steps.ExecuteWorkBuildOperationFiringStep.execute(ExecuteWorkBuildOperationFiringStep.java:67)
[        ] 	at org.gradle.internal.execution.steps.ExecuteWorkBuildOperationFiringStep.execute(ExecuteWorkBuildOperationFiringStep.java:39)
[        ] 	at org.gradle.internal.execution.steps.IdentityCacheStep.execute(IdentityCacheStep.java:46)
[        ] 	at org.gradle.internal.execution.steps.IdentityCacheStep.execute(IdentityCacheStep.java:34)
[        ] 	at org.gradle.internal.execution.steps.IdentifyStep.execute(IdentifyStep.java:48)
[        ] 	at org.gradle.internal.execution.steps.IdentifyStep.execute(IdentifyStep.java:35)
[        ] 	at org.gradle.internal.execution.impl.DefaultExecutionEngine$1.execute(DefaultExecutionEngine.java:64)
[        ] 	at org.gradle.api.internal.tasks.execution.ExecuteActionsTaskExecuter.executeIfValid(ExecuteActionsTaskExecuter.java:127)
[        ] 	at org.gradle.api.internal.tasks.execution.ExecuteActionsTaskExecuter.execute(ExecuteActionsTaskExecuter.java:116)
[        ] 	at org.gradle.api.internal.tasks.execution.ProblemsTaskPathTrackingTaskExecuter.execute(ProblemsTaskPathTrackingTaskExecuter.java:41)
[        ] 	at org.gradle.api.internal.tasks.execution.FinalizePropertiesTaskExecuter.execute(FinalizePropertiesTaskExecuter.java:46)
[        ] 	at org.gradle.api.internal.tasks.execution.ResolveTaskExecutionModeExecuter.execute(ResolveTaskExecutionModeExecuter.java:51)
[        ] 	at org.gradle.api.internal.tasks.execution.SkipTaskWithNoActionsExecuter.execute(SkipTaskWithNoActionsExecuter.java:57)
[        ] 	at org.gradle.api.internal.tasks.execution.SkipOnlyIfTaskExecuter.execute(SkipOnlyIfTaskExecuter.java:74)
[        ] 	at org.gradle.api.internal.tasks.execution.CatchExceptionTaskExecuter.execute(CatchExceptionTaskExecuter.java:36)
[        ] 	at org.gradle.api.internal.tasks.execution.EventFiringTaskExecuter$1.executeTask(EventFiringTaskExecuter.java:77)
[        ] 	at org.gradle.api.internal.tasks.execution.EventFiringTaskExecuter$1.call(EventFiringTaskExecuter.java:55)
[        ] 	at org.gradle.api.internal.tasks.execution.EventFiringTaskExecuter$1.call(EventFiringTaskExecuter.java:52)
[        ] 	at org.gradle.internal.operations.DefaultBuildOperationRunner$CallableBuildOperationWorker.execute(DefaultBuildOperationRunner.java:210)
[        ] 	at org.gradle.internal.operations.DefaultBuildOperationRunner$CallableBuildOperationWorker.execute(DefaultBuildOperationRunner.java:205)
[        ] 	at org.gradle.internal.operations.DefaultBuildOperationRunner$2.execute(DefaultBuildOperationRunner.java:67)
[        ] 	at org.gradle.internal.operations.DefaultBuildOperationRunner$2.execute(DefaultBuildOperationRunner.java:60)
[        ] 	at org.gradle.internal.operations.DefaultBuildOperationRunner.execute(DefaultBuildOperationRunner.java:167)
[        ] 	at org.gradle.internal.operations.DefaultBuildOperationRunner.execute(DefaultBuildOperationRunner.java:60)
[        ] 	at org.gradle.internal.operations.DefaultBuildOperationRunner.call(DefaultBuildOperationRunner.java:54)
[        ] 	at org.gradle.api.internal.tasks.execution.EventFiringTaskExecuter.execute(EventFiringTaskExecuter.java:52)
[        ] 	at org.gradle.execution.plan.LocalTaskNodeExecutor.execute(LocalTaskNodeExecutor.java:42)
[        ] 	at org.gradle.execution.taskgraph.DefaultTaskExecutionGraph$InvokeNodeExecutorsAction.execute(DefaultTaskExecutionGraph.java:331)
[        ] 	at org.gradle.execution.taskgraph.DefaultTaskExecutionGraph$InvokeNodeExecutorsAction.execute(DefaultTaskExecutionGraph.java:318)
[        ] 	at org.gradle.execution.taskgraph.DefaultTaskExecutionGraph$BuildOperationAwareExecutionAction.lambda$execute$0(DefaultTaskExecutionGraph.java:314)
[        ] 	at org.gradle.internal.operations.CurrentBuildOperationRef.with(CurrentBuildOperationRef.java:85)
[        ] 	at org.gradle.execution.taskgraph.DefaultTaskExecutionGraph$BuildOperationAwareExecutionAction.execute(DefaultTaskExecutionGraph.java:314)
[        ] 	at org.gradle.execution.taskgraph.DefaultTaskExecutionGraph$BuildOperationAwareExecutionAction.execute(DefaultTaskExecutionGraph.java:303)
[        ] 	at org.gradle.execution.plan.DefaultPlanExecutor$ExecutorWorker.execute(DefaultPlanExecutor.java:459)
[        ] 	at org.gradle.execution.plan.DefaultPlanExecutor$ExecutorWorker.run(DefaultPlanExecutor.java:376)
[        ] 	at org.gradle.internal.concurrent.ExecutorPolicy$CatchAndRecordFailures.onExecute(ExecutorPolicy.java:64)
[        ] 	at org.gradle.internal.concurrent.AbstractManagedExecutor$1.run(AbstractManagedExecutor.java:48)
[        ] 	at java.base/java.util.concurrent.ThreadPoolExecutor.runWorker(ThreadPoolExecutor.java:1144)
[        ] 	at java.base/java.util.concurrent.ThreadPoolExecutor$Worker.run(ThreadPoolExecutor.java:642)
[        ] 	at java.base/java.lang.Thread.run(Thread.java:1583)
[        ] Caused by: com.android.ide.common.process.ProcessException: Error while executing process /opt/android-sdk/cmake/3.22.1/bin/cmake with arguments {-H/home/jules/.pub-cache/git/vib3codeSDKv3.0.0-0602b26d20cd612f231eb1d823614c82a3fd9c1b/cpp -DCMAKE_SYSTEM_NAME=Android -DCMAKE_EXPORT_COMPILE_COMMANDS=ON -DCMAKE_SYSTEM_VERSION=21 -DANDROID_PLATFORM=android-21 -DANDROID_ABI=arm64-v8a -DCMAKE_ANDROID_ARCH_ABI=arm64-v8a -DANDROID_NDK=/opt/android-sdk/ndk/27.0.12077973 -DCMAKE_ANDROID_NDK=/opt/android-sdk/ndk/27.0.12077973 -DCMAKE_TOOLCHAIN_FILE=/opt/android-sdk/ndk/27.0.12077973/build/cmake/android.toolchain.cmake -DCMAKE_MAKE_PROGRAM=/opt/android-sdk/cmake/3.22.1/bin/ninja -DCMAKE_CXX_FLAGS=-std=c++20 -O3 -DCMAKE_LIBRARY_OUTPUT_DIRECTORY=/app/build/vib3_flutter/intermediates/cxx/RelWithDebInfo/o1148241/obj/arm64-v8a -DCMAKE_RUNTIME_OUTPUT_DIRECTORY=/app/build/vib3_flutter/intermediates/cxx/RelWithDebInfo/o1148241/obj/arm64-v8a -DCMAKE_BUILD_TYPE=RelWithDebInfo -B/home/jules/.pub-cache/git/vib3codeSDKv3.0.0-0602b26d20cd612f231eb1d823614c82a3fd9c1b/flutter/android/.cxx/RelWithDebInfo/o1148241/arm64-v8a -GNinja -DANDROID_STL=c++_shared}
[        ] 	at com.android.build.gradle.internal.process.GradleProcessResult.buildProcessException(GradleProcessResult.java:73)
[        ] 	at com.android.build.gradle.internal.process.GradleProcessResult.assertNormalExitValue(GradleProcessResult.java:48)
[        ] 	at com.android.build.gradle.internal.cxx.process.ExecuteProcessKt.execute(ExecuteProcess.kt:277)
[        ] 	... 140 more
[        ] Caused by: org.gradle.process.internal.ExecException: Process 'command '/opt/android-sdk/cmake/3.22.1/bin/cmake'' finished with non-zero exit value 1
[        ] 	at org.gradle.process.internal.DefaultExecHandle$ExecResultImpl.assertNormalExitValue(DefaultExecHandle.java:442)
[        ] 	at com.android.build.gradle.internal.process.GradleProcessResult.assertNormalExitValue(GradleProcessResult.java:46)
[        ] 	... 141 more
[        ] 	at com.android.builder.errors.IssueReporter.reportError(IssueReporter.kt:119)
[        ] 	at com.android.builder.errors.IssueReporter.reportError$default(IssueReporter.kt:114)
[        ] 	at com.android.build.gradle.internal.cxx.logging.IssueReporterLoggingEnvironment.log(IssueReporterLoggingEnvironment.kt:113)
[        ] 	at com.android.build.gradle.internal.cxx.logging.ThreadLoggingEnvironment$Companion.reportFormattedErrorToCurrentLogger(LoggingEnvironment.kt:230)
[        ] 	at com.android.build.gradle.internal.cxx.logging.LoggingEnvironmentKt.errorln(LoggingEnvironment.kt:62)
[        ] 	at com.android.build.gradle.tasks.ExternalNativeJsonGenerator.configure(ExternalNativeJsonGenerator.kt:121)
[        ] 	at com.android.build.gradle.tasks.ExternalNativeBuildJsonTask.doTaskAction(ExternalNativeBuildJsonTask.kt:89)
[        ] 	at com.android.build.gradle.internal.tasks.UnsafeOutputsTask$taskAction$$inlined$recordTaskAction$1.invoke(BaseTask.kt:59)
[        ] 	at com.android.build.gradle.internal.tasks.Blocks.recordSpan(Blocks.java:51)
[        ] 	at com.android.build.gradle.internal.tasks.UnsafeOutputsTask.taskAction(UnsafeOutputsTask.kt:81)
[        ] 	at java.base/jdk.internal.reflect.DirectMethodHandleAccessor.invoke(DirectMethodHandleAccessor.java:103)
[        ] 	at java.base/java.lang.reflect.Method.invoke(Method.java:580)
[        ] 	at org.gradle.internal.reflect.JavaMethod.invoke(JavaMethod.java:125)
[        ] 	at org.gradle.api.internal.project.taskfactory.StandardTaskAction.doExecute(StandardTaskAction.java:58)
[        ] 	at org.gradle.api.internal.project.taskfactory.StandardTaskAction.execute(StandardTaskAction.java:51)
[        ] 	at org.gradle.api.internal.project.taskfactory.StandardTaskAction.execute(StandardTaskAction.java:29)
[        ] 	at org.gradle.api.internal.tasks.execution.TaskExecution$3.run(TaskExecution.java:244)
[        ] 	at org.gradle.internal.operations.DefaultBuildOperationRunner$1.execute(DefaultBuildOperationRunner.java:30)
[        ] 	at org.gradle.internal.operations.DefaultBuildOperationRunner$1.execute(DefaultBuildOperationRunner.java:27)
[        ] 	at org.gradle.internal.operations.DefaultBuildOperationRunner$2.execute(DefaultBuildOperationRunner.java:67)
[        ] 	at org.gradle.internal.operations.DefaultBuildOperationRunner$2.execute(DefaultBuildOperationRunner.java:60)
[        ] 	at org.gradle.internal.operations.DefaultBuildOperationRunner.execute(DefaultBuildOperationRunner.java:167)
[        ] 	at org.gradle.internal.operations.DefaultBuildOperationRunner.execute(DefaultBuildOperationRunner.java:60)
[        ] 	at org.gradle.internal.operations.DefaultBuildOperationRunner.run(DefaultBuildOperationRunner.java:48)
[        ] 	at org.gradle.api.internal.tasks.execution.TaskExecution.executeAction(TaskExecution.java:229)
[        ] 	at org.gradle.api.internal.tasks.execution.TaskExecution.executeActions(TaskExecution.java:212)
[        ] 	at org.gradle.api.internal.tasks.execution.TaskExecution.executeWithPreviousOutputFiles(TaskExecution.java:195)
[        ] 	at org.gradle.api.internal.tasks.execution.TaskExecution.execute(TaskExecution.java:162)
[        ] 	at org.gradle.internal.execution.steps.ExecuteStep.executeInternal(ExecuteStep.java:105)
[        ] 	at org.gradle.internal.execution.steps.ExecuteStep.access$000(ExecuteStep.java:44)
[        ] 	at org.gradle.internal.execution.steps.ExecuteStep$1.call(ExecuteStep.java:59)
[        ] 	at org.gradle.internal.execution.steps.ExecuteStep$1.call(ExecuteStep.java:56)
[        ] 	at org.gradle.internal.operations.DefaultBuildOperationRunner$CallableBuildOperationWorker.execute(DefaultBuildOperationRunner.java:210)
[        ] 	at org.gradle.internal.operations.DefaultBuildOperationRunner$CallableBuildOperationWorker.execute(DefaultBuildOperationRunner.java:205)
[        ] 	at org.gradle.internal.operations.DefaultBuildOperationRunner$2.execute(DefaultBuildOperationRunner.java:67)
[        ] 	at org.gradle.internal.operations.DefaultBuildOperationRunner$2.execute(DefaultBuildOperationRunner.java:60)
[        ] 	at org.gradle.internal.operations.DefaultBuildOperationRunner.execute(DefaultBuildOperationRunner.java:167)
[        ] 	at org.gradle.internal.operations.DefaultBuildOperationRunner.execute(DefaultBuildOperationRunner.java:60)
[        ] 	at org.gradle.internal.operations.DefaultBuildOperationRunner.call(DefaultBuildOperationRunner.java:54)
[        ] 	at org.gradle.internal.execution.steps.ExecuteStep.execute(ExecuteStep.java:56)
[        ] 	at org.gradle.internal.execution.steps.ExecuteStep.execute(ExecuteStep.java:44)
[        ] 	at org.gradle.internal.execution.steps.CancelExecutionStep.execute(CancelExecutionStep.java:42)
[        ] 	at org.gradle.internal.execution.steps.TimeoutStep.executeWithoutTimeout(TimeoutStep.java:75)
[        ] 	at org.gradle.internal.execution.steps.TimeoutStep.execute(TimeoutStep.java:55)
[        ] 	at org.gradle.internal.execution.steps.PreCreateOutputParentsStep.execute(PreCreateOutputParentsStep.java:50)
[        ] 	at org.gradle.internal.execution.steps.PreCreateOutputParentsStep.execute(PreCreateOutputParentsStep.java:28)
[        ] 	at org.gradle.internal.execution.steps.RemovePreviousOutputsStep.execute(RemovePreviousOutputsStep.java:67)
[        ] 	at org.gradle.internal.execution.steps.RemovePreviousOutputsStep.execute(RemovePreviousOutputsStep.java:37)
[        ] 	at org.gradle.internal.execution.steps.BroadcastChangingOutputsStep.execute(BroadcastChangingOutputsStep.java:61)
[        ] 	at org.gradle.internal.execution.steps.BroadcastChangingOutputsStep.execute(BroadcastChangingOutputsStep.java:26)
[        ] 	at org.gradle.internal.execution.steps.CaptureOutputsAfterExecutionStep.execute(CaptureOutputsAfterExecutionStep.java:69)
[        ] 	at org.gradle.internal.execution.steps.CaptureOutputsAfterExecutionStep.execute(CaptureOutputsAfterExecutionStep.java:46)
[        ] 	at org.gradle.internal.execution.steps.ResolveInputChangesStep.execute(ResolveInputChangesStep.java:40)
[        ] 	at org.gradle.internal.execution.steps.ResolveInputChangesStep.execute(ResolveInputChangesStep.java:29)
[        ] 	at org.gradle.internal.execution.steps.BuildCacheStep.executeWithoutCache(BuildCacheStep.java:189)
[        ] 	at org.gradle.internal.execution.steps.BuildCacheStep.lambda$execute$1(BuildCacheStep.java:75)
[        ] 	at org.gradle.internal.Either$Right.fold(Either.java:175)
[        ] 	at org.gradle.internal.execution.caching.CachingState.fold(CachingState.java:62)
[        ] 	at org.gradle.internal.execution.steps.BuildCacheStep.execute(BuildCacheStep.java:73)
[        ] 	at org.gradle.internal.execution.steps.BuildCacheStep.execute(BuildCacheStep.java:48)
[        ] 	at org.gradle.internal.execution.steps.StoreExecutionStateStep.execute(StoreExecutionStateStep.java:46)
[        ] 	at org.gradle.internal.execution.steps.StoreExecutionStateStep.execute(StoreExecutionStateStep.java:35)
[        ] 	at org.gradle.internal.execution.steps.SkipUpToDateStep.executeBecause(SkipUpToDateStep.java:75)
[        ] 	at org.gradle.internal.execution.steps.SkipUpToDateStep.lambda$execute$2(SkipUpToDateStep.java:53)
[        ] 	at java.base/java.util.Optional.orElseGet(Optional.java:364)
[        ] 	at org.gradle.internal.execution.steps.SkipUpToDateStep.execute(SkipUpToDateStep.java:53)
[        ] 	at org.gradle.internal.execution.steps.SkipUpToDateStep.execute(SkipUpToDateStep.java:35)
[        ] 	at org.gradle.internal.execution.steps.legacy.MarkSnapshottingInputsFinishedStep.execute(MarkSnapshottingInputsFinishedStep.java:37)
[        ] 	at org.gradle.internal.execution.steps.legacy.MarkSnapshottingInputsFinishedStep.execute(MarkSnapshottingInputsFinishedStep.java:27)
[        ] 	at org.gradle.internal.execution.steps.ResolveIncrementalCachingStateStep.executeDelegate(ResolveIncrementalCachingStateStep.java:49)
[        ] 	at org.gradle.internal.execution.steps.ResolveIncrementalCachingStateStep.executeDelegate(ResolveIncrementalCachingStateStep.java:27)
[        ] 	at org.gradle.internal.execution.steps.AbstractResolveCachingStateStep.execute(AbstractResolveCachingStateStep.java:71)
[        ] 	at org.gradle.internal.execution.steps.AbstractResolveCachingStateStep.execute(AbstractResolveCachingStateStep.java:39)
[        ] 	at org.gradle.internal.execution.steps.ResolveChangesStep.execute(ResolveChangesStep.java:65)
[        ] 	at org.gradle.internal.execution.steps.ResolveChangesStep.execute(ResolveChangesStep.java:36)
[        ] 	at org.gradle.internal.execution.steps.ValidateStep.execute(ValidateStep.java:107)
[        ] 	at org.gradle.internal.execution.steps.ValidateStep.execute(ValidateStep.java:56)
[        ] 	at org.gradle.internal.execution.steps.AbstractCaptureStateBeforeExecutionStep.execute(AbstractCaptureStateBeforeExecutionStep.java:64)
[        ] 	at org.gradle.internal.execution.steps.AbstractCaptureStateBeforeExecutionStep.execute(AbstractCaptureStateBeforeExecutionStep.java:43)
[        ] 	at org.gradle.internal.execution.steps.AbstractSkipEmptyWorkStep.executeWithNonEmptySources(AbstractSkipEmptyWorkStep.java:125)
[        ] 	at org.gradle.internal.execution.steps.AbstractSkipEmptyWorkStep.execute(AbstractSkipEmptyWorkStep.java:56)
[        ] 	at org.gradle.internal.execution.steps.AbstractSkipEmptyWorkStep.execute(AbstractSkipEmptyWorkStep.java:36)
[        ] 	at org.gradle.internal.execution.steps.legacy.MarkSnapshottingInputsStartedStep.execute(MarkSnapshottingInputsStartedStep.java:38)
[        ] 	at org.gradle.internal.execution.steps.LoadPreviousExecutionStateStep.execute(LoadPreviousExecutionStateStep.java:36)
[        ] 	at org.gradle.internal.execution.steps.LoadPreviousExecutionStateStep.execute(LoadPreviousExecutionStateStep.java:23)
[        ] 	at org.gradle.internal.execution.steps.HandleStaleOutputsStep.execute(HandleStaleOutputsStep.java:75)
[        ] 	at org.gradle.internal.execution.steps.HandleStaleOutputsStep.execute(HandleStaleOutputsStep.java:41)
[        ] 	at org.gradle.internal.execution.steps.AssignMutableWorkspaceStep.lambda$execute$0(AssignMutableWorkspaceStep.java:35)
[        ] 	at org.gradle.api.internal.tasks.execution.TaskExecution$4.withWorkspace(TaskExecution.java:289)
[        ] 	at org.gradle.internal.execution.steps.AssignMutableWorkspaceStep.execute(AssignMutableWorkspaceStep.java:31)
[        ] 	at org.gradle.internal.execution.steps.AssignMutableWorkspaceStep.execute(AssignMutableWorkspaceStep.java:22)
[        ] 	at org.gradle.internal.execution.steps.ChoosePipelineStep.execute(ChoosePipelineStep.java:40)
[        ] 	at org.gradle.internal.execution.steps.ChoosePipelineStep.execute(ChoosePipelineStep.java:23)
[        ] 	at org.gradle.internal.execution.steps.ExecuteWorkBuildOperationFiringStep.lambda$execute$2(ExecuteWorkBuildOperationFiringStep.java:67)
[        ] 	at java.base/java.util.Optional.orElseGet(Optional.java:364)
[        ] 	at org.gradle.internal.execution.steps.ExecuteWorkBuildOperationFiringStep.execute(ExecuteWorkBuildOperationFiringStep.java:67)
[        ] 	at org.gradle.internal.execution.steps.ExecuteWorkBuildOperationFiringStep.execute(ExecuteWorkBuildOperationFiringStep.java:39)
[        ] 	at org.gradle.internal.execution.steps.IdentityCacheStep.execute(IdentityCacheStep.java:46)
[        ] 	at org.gradle.internal.execution.steps.IdentityCacheStep.execute(IdentityCacheStep.java:34)
[        ] 	at org.gradle.internal.execution.steps.IdentifyStep.execute(IdentifyStep.java:48)
[        ] 	at org.gradle.internal.execution.steps.IdentifyStep.execute(IdentifyStep.java:35)
[        ] 	at org.gradle.internal.execution.impl.DefaultExecutionEngine$1.execute(DefaultExecutionEngine.java:64)
[        ] 	at org.gradle.api.internal.tasks.execution.ExecuteActionsTaskExecuter.executeIfValid(ExecuteActionsTaskExecuter.java:127)
[        ] 	at org.gradle.api.internal.tasks.execution.ExecuteActionsTaskExecuter.execute(ExecuteActionsTaskExecuter.java:116)
[        ] 	at org.gradle.api.internal.tasks.execution.ProblemsTaskPathTrackingTaskExecuter.execute(ProblemsTaskPathTrackingTaskExecuter.java:41)
[        ] 	at org.gradle.api.internal.tasks.execution.FinalizePropertiesTaskExecuter.execute(FinalizePropertiesTaskExecuter.java:46)
[        ] 	at org.gradle.api.internal.tasks.execution.ResolveTaskExecutionModeExecuter.execute(ResolveTaskExecutionModeExecuter.java:51)
[        ] 	at org.gradle.api.internal.tasks.execution.SkipTaskWithNoActionsExecuter.execute(SkipTaskWithNoActionsExecuter.java:57)
[        ] 	at org.gradle.api.internal.tasks.execution.SkipOnlyIfTaskExecuter.execute(SkipOnlyIfTaskExecuter.java:74)
[        ] 	at org.gradle.api.internal.tasks.execution.CatchExceptionTaskExecuter.execute(CatchExceptionTaskExecuter.java:36)
[        ] 	at org.gradle.api.internal.tasks.execution.EventFiringTaskExecuter$1.executeTask(EventFiringTaskExecuter.java:77)
[        ] 	at org.gradle.api.internal.tasks.execution.EventFiringTaskExecuter$1.call(EventFiringTaskExecuter.java:55)
[        ] 	at org.gradle.api.internal.tasks.execution.EventFiringTaskExecuter$1.call(EventFiringTaskExecuter.java:52)
[        ] 	at org.gradle.internal.operations.DefaultBuildOperationRunner$CallableBuildOperationWorker.execute(DefaultBuildOperationRunner.java:210)
[        ] 	at org.gradle.internal.operations.DefaultBuildOperationRunner$CallableBuildOperationWorker.execute(DefaultBuildOperationRunner.java:205)
[        ] 	at org.gradle.internal.operations.DefaultBuildOperationRunner$2.execute(DefaultBuildOperationRunner.java:67)
[        ] 	at org.gradle.internal.operations.DefaultBuildOperationRunner$2.execute(DefaultBuildOperationRunner.java:60)
[        ] 	at org.gradle.internal.operations.DefaultBuildOperationRunner.execute(DefaultBuildOperationRunner.java:167)
[        ] 	at org.gradle.internal.operations.DefaultBuildOperationRunner.execute(DefaultBuildOperationRunner.java:60)
[        ] 	at org.gradle.internal.operations.DefaultBuildOperationRunner.call(DefaultBuildOperationRunner.java:54)
[        ] 	at org.gradle.api.internal.tasks.execution.EventFiringTaskExecuter.execute(EventFiringTaskExecuter.java:52)
[        ] 	at org.gradle.execution.plan.LocalTaskNodeExecutor.execute(LocalTaskNodeExecutor.java:42)
[        ] 	at org.gradle.execution.taskgraph.DefaultTaskExecutionGraph$InvokeNodeExecutorsAction.execute(DefaultTaskExecutionGraph.java:331)
[        ] 	at org.gradle.execution.taskgraph.DefaultTaskExecutionGraph$InvokeNodeExecutorsAction.execute(DefaultTaskExecutionGraph.java:318)
[        ] 	at org.gradle.execution.taskgraph.DefaultTaskExecutionGraph$BuildOperationAwareExecutionAction.lambda$execute$0(DefaultTaskExecutionGraph.java:314)
[        ] 	at org.gradle.internal.operations.CurrentBuildOperationRef.with(CurrentBuildOperationRef.java:85)
[        ] 	at org.gradle.execution.taskgraph.DefaultTaskExecutionGraph$BuildOperationAwareExecutionAction.execute(DefaultTaskExecutionGraph.java:314)
[        ] 	at org.gradle.execution.taskgraph.DefaultTaskExecutionGraph$BuildOperationAwareExecutionAction.execute(DefaultTaskExecutionGraph.java:303)
[        ] 	at org.gradle.execution.plan.DefaultPlanExecutor$ExecutorWorker.execute(DefaultPlanExecutor.java:459)
[        ] 	at org.gradle.execution.plan.DefaultPlanExecutor$ExecutorWorker.run(DefaultPlanExecutor.java:376)
[        ] 	at org.gradle.internal.concurrent.ExecutorPolicy$CatchAndRecordFailures.onExecute(ExecutorPolicy.java:64)
[        ] 	at org.gradle.internal.concurrent.AbstractManagedExecutor$1.run(AbstractManagedExecutor.java:48)
[        ] 	at java.base/java.util.concurrent.ThreadPoolExecutor.runWorker(ThreadPoolExecutor.java:1144)
[        ] 	at java.base/java.util.concurrent.ThreadPoolExecutor$Worker.run(ThreadPoolExecutor.java:642)
[        ] 	at java.base/java.lang.Thread.run(Thread.java:1583)
[        ] BUILD FAILED in 41s
[   +3 ms] Deprecated Gradle features were used in this build, making it incompatible with Gradle 9.0.
[        ] You can use '--warning-mode all' to show the individual deprecation warnings and determine if they come from your own scripts or plugins.
[        ] For more on this, please refer to https://docs.gradle.org/8.14/userguide/command_line_interface.html#sec:command_line_warnings in the Gradle documentation.
[        ] 15 actionable tasks: 9 executed, 6 up-to-date
[        ] Some of the file system contents retained in the virtual file system are on file systems that Gradle doesn't support watching. The relevant state was discarded to ensure changes to these locations are properly detected. You can override this by explicitly enabling file system watching.
[ +119 ms] Running Gradle task 'assembleRelease'... (completed in 42.3s)
[   +5 ms] "flutter apk" took 44,173ms.
[  +22 ms] Gradle task assembleRelease failed with exit code 1
[        ]
           #0      throwToolExit (package:flutter_tools/src/base/common.dart:34:3)
           #1      AndroidGradleBuilder.buildGradleApp (package:flutter_tools/src/android/gradle.dart:592:7)
           <asynchronous suspension>
           #2      AndroidGradleBuilder.buildApk (package:flutter_tools/src/android/gradle.dart:234:5)
           <asynchronous suspension>
           #3      BuildApkCommand.runCommand (package:flutter_tools/src/commands/build_apk.dart:131:5)
           <asynchronous suspension>
           #4      FlutterCommand.run.<anonymous closure> (package:flutter_tools/src/runner/flutter_command.dart:1559:27)
           <asynchronous suspension>
           #5      AppContext.run.<anonymous closure> (package:flutter_tools/src/base/context.dart:154:19)
           <asynchronous suspension>
           #6      CommandRunner.runCommand (package:args/command_runner.dart:212:13)
           <asynchronous suspension>
           #7      FlutterCommandRunner.runCommand.<anonymous closure> (package:flutter_tools/src/runner/flutter_command_runner.dart:487:9)
           <asynchronous suspension>
           #8      AppContext.run.<anonymous closure> (package:flutter_tools/src/base/context.dart:154:19)
           <asynchronous suspension>
           #9      FlutterCommandRunner.runCommand (package:flutter_tools/src/runner/flutter_command_runner.dart:422:5)
           <asynchronous suspension>
           #10     run.<anonymous closure>.<anonymous closure> (package:flutter_tools/runner.dart:104:11)
           <asynchronous suspension>
           #11     AppContext.run.<anonymous closure> (package:flutter_tools/src/base/context.dart:154:19)
           <asynchronous suspension>
           #12     main (package:flutter_tools/executable.dart:103:3)
           <asynchronous suspension>


[        ] Running 1 shutdown hook
[        ] Shutdown hooks complete
[   +2 ms] exiting with code 1
